\BOOKMARK [1][-]{Doc-Start}{Declaration}{}% 1
\BOOKMARK [1][-]{Doc-Start}{List of Figures}{}% 2
\BOOKMARK [1][-]{Doc-Start}{List of Tables}{}% 3
\BOOKMARK [1][-]{Doc-Start}{Acknowledgements}{}% 4
\BOOKMARK [1][-]{Doc-Start}{Abstract}{}% 5
\BOOKMARK [0][-]{chapter.1}{Spontaneous parametric down conversion}{}% 6
\BOOKMARK [1][-]{section.1.1}{First order joint amplitude function}{chapter.1}% 7
\BOOKMARK [1][-]{section.1.2}{Spatial correlations}{chapter.1}% 8
\BOOKMARK [0][-]{chapter.2}{The lossless beam splitter}{}% 9
\BOOKMARK [1][-]{section.2.1}{The classical lossless beam splitter}{chapter.2}% 10
\BOOKMARK [1][-]{section.2.2}{The quantum lossless beam splitter}{chapter.2}% 11
\BOOKMARK [0][-]{chapter.3}{The Mach-Zehnder interferometer }{}% 12
\BOOKMARK [1][-]{section.3.1}{Classical Mach-Zehnder interferometer}{chapter.3}% 13
\BOOKMARK [1][-]{section.3.2}{Single photon Mach-Zehnder interferometer}{chapter.3}% 14
\BOOKMARK [0][-]{chapter.4}{``Interaction-free measurements''}{}% 15
\BOOKMARK [1][-]{section.4.1}{Single-photon Mach-Zehnder interferometer with a perfect absorber}{chapter.4}% 16
\BOOKMARK [1][-]{section.4.2}{The single-photon Mach-Zehnder interferometer with an imperfect transmitter}{chapter.4}% 17
\BOOKMARK [0][-]{chapter.5}{BS as imperfect trasmitter}{}% 18
\BOOKMARK [1][-]{section.5.1}{N Beam Splitters as imperfect transmitter }{chapter.5}% 19
\BOOKMARK [2][-]{subsection.5.1.1}{Analysis with phase retarders }{section.5.1}% 20
\BOOKMARK [0][-]{chapter.6}{A Time-dependent transmitter}{}% 21
\BOOKMARK [1][-]{section.6.1}{Optical chopper as perfect absorber }{chapter.6}% 22
\BOOKMARK [1][-]{section.6.2}{Optical chopper as imperfect absorber}{chapter.6}% 23
\BOOKMARK [0][-]{chapter.7}{Analysis of N interferometers }{}% 24
\BOOKMARK [1][-]{section.7.1}{Optical chopper as imperfect absorber in N interferometers}{chapter.7}% 25
\BOOKMARK [1][-]{section.7.2}{Does the phase matter?}{chapter.7}% 26
\BOOKMARK [1][-]{section.7.3}{Towards Wheeler's Gedanken experiment}{chapter.7}% 27
\BOOKMARK [0][-]{chapter.8}{Experimental Setup}{}% 28
\BOOKMARK [1][-]{section.8.1}{Single photon source}{chapter.8}% 29
\BOOKMARK [1][-]{section.8.2}{Single photon Mach-Zehnder interferometer}{chapter.8}% 30
\BOOKMARK [2][-]{subsection.8.2.1}{Alignment of the Interferometer}{section.8.2}% 31
\BOOKMARK [2][-]{subsection.8.2.2}{Single-photon interference}{section.8.2}% 32
\BOOKMARK [2][-]{subsection.8.2.3}{Varying optical paths}{section.8.2}% 33
