This is pdfTeX, Version 3.14159265-2.6-1.40.20 (TeX Live 2019/Debian) (preloaded format=pdflatex 2020.8.26)  29 AUG 2020 00:38
entering extended mode
 restricted \write18 enabled.
 %&-line parsing enabled.
**esta_correcciones.tex
(./esta_correcciones.tex
LaTeX2e <2020-02-02> patch level 2
L3 programming layer <2020-02-14>
(/usr/share/texlive/texmf-dist/tex/latex/base/book.cls
Document Class: book 2019/12/20 v1.4l Standard LaTeX document class
(/usr/share/texlive/texmf-dist/tex/latex/base/bk12.clo
File: bk12.clo 2019/12/20 v1.4l Standard LaTeX file (size option)
)
\c@part=\count167
\c@chapter=\count168
\c@section=\count169
\c@subsection=\count170
\c@subsubsection=\count171
\c@paragraph=\count172
\c@subparagraph=\count173
\c@figure=\count174
\c@table=\count175
\abovecaptionskip=\skip47
\belowcaptionskip=\skip48
\bibindent=\dimen134
) (./setup/packages.tex
(/usr/share/texlive/texmf-dist/tex/latex/floatrow/floatrow.sty
Package: floatrow 2008/08/02 v0.3b floatrow: float package extension

(/usr/share/texlive/texmf-dist/tex/latex/graphics/keyval.sty
Package: keyval 2014/10/28 v1.15 key=value parser (DPC)
\KV@toks@=\toks14
)
(/usr/share/texlive/texmf-dist/tex/latex/caption/caption3.sty
Package: caption3 2020/01/03 v1.8h caption3 kernel (AR)
Package caption3 Info: TeX engine: e-TeX on input line 61.
\captionmargin=\dimen135
\captionmargin@=\dimen136
\captionwidth=\dimen137
\caption@tempdima=\dimen138
\caption@indent=\dimen139
\caption@parindent=\dimen140
\caption@hangindent=\dimen141
Package caption Info: Standard document class detected.
)
\c@float@type=\count176
\float@exts=\toks15
\float@box=\box45
\@floatcapt=\box46
Package floatrow Info: Modified float package code loaded on input line 455.
Package floatrow Info: Modified rotfloat package code loaded on input line 473.

\FR@everyfloat=\toks16
\flrow@foot=\insert199
\FB@wd=\dimen142
\FBo@wd=\dimen143
\FBc@wd=\dimen144
\FBo@ht=\skip49
\FBc@ht=\skip50
\FBf@ht=\skip51
\FBo@max=\skip52
\FBc@max=\skip53
\FBf@max=\skip54
\c@FBl@b=\count177
\floatbox@depth=\count178
\c@FRobj=\count179
\c@FRsobj=\count180
\Xhsize=\skip55
\sXhsize=\skip56
\Zhsize=\skip57
\sZhsize=\skip58
\flrow@rowbox=\box47
\FR@Zunitlength=\dimen145
\c@FBcnt=\count181
\FPOScnt=\count182
\LTleft=\skip59
\LTright=\skip60
\LTleft=\skip61
\LTright=\skip62
\flrow@types=\toks17
)
(/usr/share/texlive/texmf-dist/tex/latex/base/inputenc.sty
Package: inputenc 2018/08/11 v1.3c Input encoding file
\inpenc@prehook=\toks18
\inpenc@posthook=\toks19
)
(/usr/share/texlive/texmf-dist/tex/latex/xcolor/xcolor.sty
Package: xcolor 2016/05/11 v2.12 LaTeX color extensions (UK)

(/usr/share/texlive/texmf-dist/tex/latex/graphics-cfg/color.cfg
File: color.cfg 2016/01/02 v1.6 sample color configuration
)
Package xcolor Info: Driver file: pdftex.def on input line 225.

(/usr/share/texlive/texmf-dist/tex/latex/graphics-def/pdftex.def
File: pdftex.def 2018/01/08 v1.0l Graphics/color driver for pdftex
)
(/usr/share/texlive/texmf-dist/tex/latex/colortbl/colortbl.sty
Package: colortbl 2020/01/04 v1.0e Color table columns (DPC)

(/usr/share/texlive/texmf-dist/tex/latex/tools/array.sty
Package: array 2019/08/31 v2.4l Tabular extension package (FMi)
\col@sep=\dimen146
\ar@mcellbox=\box48
\extrarowheight=\dimen147
\NC@list=\toks20
\extratabsurround=\skip63
\backup@length=\skip64
\ar@cellbox=\box49
)
\everycr=\toks21
\minrowclearance=\skip65
)
\rownum=\count183
Package xcolor Info: Model `cmy' substituted by `cmy0' on input line 1348.
Package xcolor Info: Model `hsb' substituted by `rgb' on input line 1352.
Package xcolor Info: Model `RGB' extended on input line 1364.
Package xcolor Info: Model `HTML' substituted by `rgb' on input line 1366.
Package xcolor Info: Model `Hsb' substituted by `hsb' on input line 1367.
Package xcolor Info: Model `tHsb' substituted by `hsb' on input line 1368.
Package xcolor Info: Model `HSB' substituted by `hsb' on input line 1369.
Package xcolor Info: Model `Gray' substituted by `gray' on input line 1370.
Package xcolor Info: Model `wave' substituted by `hsb' on input line 1371.

(/usr/share/texlive/texmf-dist/tex/latex/graphics/dvipsnam.def
File: dvipsnam.def 2016/06/17 v3.0m Driver-dependent file (DPC,SPQR)
)
(/usr/share/texlive/texmf-dist/tex/latex/xcolor/svgnam.def
File: svgnam.def 2016/05/11 v2.12 Predefined colors according to SVG 1.1 (UK)
)
(/usr/share/texlive/texmf-dist/tex/latex/xcolor/x11nam.def
File: x11nam.def 2016/05/11 v2.12 Predefined colors according to Unix/X11 (UK)
))
(/usr/share/texlive/texmf-dist/tex/latex/comment/comment.sty
\CommentStream=\write3

Excluding comment 'comment')
(/usr/share/texlive/texmf-dist/tex/latex/tools/afterpage.sty
Package: afterpage 2014/10/28 v1.08 After-Page Package (DPC)
\AP@output=\toks22
\AP@partial=\box50
\AP@footins=\box51
)
(/usr/share/texlive/texmf-dist/tex/latex/geometry/geometry.sty
Package: geometry 2020/01/02 v5.9 Page Geometry

(/usr/share/texlive/texmf-dist/tex/generic/iftex/ifvtex.sty
Package: ifvtex 2019/10/25 v1.7 ifvtex legacy package. Use iftex instead.

(/usr/share/texlive/texmf-dist/tex/generic/iftex/iftex.sty
Package: iftex 2019/11/07 v1.0c TeX engine tests
))
\Gm@cnth=\count184
\Gm@cntv=\count185
\c@Gm@tempcnt=\count186
\Gm@bindingoffset=\dimen148
\Gm@wd@mp=\dimen149
\Gm@odd@mp=\dimen150
\Gm@even@mp=\dimen151
\Gm@layoutwidth=\dimen152
\Gm@layoutheight=\dimen153
\Gm@layouthoffset=\dimen154
\Gm@layoutvoffset=\dimen155
\Gm@dimlist=\toks23
)
(/usr/share/texlive/texmf-dist/tex/latex/was/gensymb.sty
Package: gensymb 2003/07/02 v1.0 (WaS)
)
(/usr/share/texlive/texmf-dist/tex/latex/physics/physics.sty
Package: physics 

(/usr/share/texlive/texmf-dist/tex/latex/l3packages/xparse/xparse.sty
(/usr/share/texlive/texmf-dist/tex/latex/l3kernel/expl3.sty
Package: expl3 2020-02-14 L3 programming layer (loader) 

(/usr/share/texlive/texmf-dist/tex/latex/l3backend/l3backend-pdfmode.def
File: l3backend-pdfmode.def 2020-02-03 L3 backend support: PDF mode
\l__kernel_color_stack_int=\count187
\l__pdf_internal_box=\box52
))
Package: xparse 2020-02-14 L3 Experimental document command parser
\l__xparse_current_arg_int=\count188
\g__xparse_grabber_int=\count189
\l__xparse_m_args_int=\count190
\l__xparse_v_nesting_int=\count191
)
(/usr/share/texlive/texmf-dist/tex/latex/amsmath/amsmath.sty
Package: amsmath 2020/01/20 v2.17e AMS math features
\@mathmargin=\skip66

For additional information on amsmath, use the `?' option.
(/usr/share/texlive/texmf-dist/tex/latex/amsmath/amstext.sty
Package: amstext 2000/06/29 v2.01 AMS text

(/usr/share/texlive/texmf-dist/tex/latex/amsmath/amsgen.sty
File: amsgen.sty 1999/11/30 v2.0 generic functions
\@emptytoks=\toks24
\ex@=\dimen156
))
(/usr/share/texlive/texmf-dist/tex/latex/amsmath/amsbsy.sty
Package: amsbsy 1999/11/29 v1.2d Bold Symbols
\pmbraise@=\dimen157
)
(/usr/share/texlive/texmf-dist/tex/latex/amsmath/amsopn.sty
Package: amsopn 2016/03/08 v2.02 operator names
)
\inf@bad=\count192
LaTeX Info: Redefining \frac on input line 227.
\uproot@=\count193
\leftroot@=\count194
LaTeX Info: Redefining \overline on input line 389.
\classnum@=\count195
\DOTSCASE@=\count196
LaTeX Info: Redefining \ldots on input line 486.
LaTeX Info: Redefining \dots on input line 489.
LaTeX Info: Redefining \cdots on input line 610.
\Mathstrutbox@=\box53
\strutbox@=\box54
\big@size=\dimen158
LaTeX Font Info:    Redeclaring font encoding OML on input line 733.
LaTeX Font Info:    Redeclaring font encoding OMS on input line 734.
\macc@depth=\count197
\c@MaxMatrixCols=\count198
\dotsspace@=\muskip16
\c@parentequation=\count266
\dspbrk@lvl=\count267
\tag@help=\toks25
\row@=\count268
\column@=\count269
\maxfields@=\count270
\andhelp@=\toks26
\eqnshift@=\dimen159
\alignsep@=\dimen160
\tagshift@=\dimen161
\tagwidth@=\dimen162
\totwidth@=\dimen163
\lineht@=\dimen164
\@envbody=\toks27
\multlinegap=\skip67
\multlinetaggap=\skip68
\mathdisplay@stack=\toks28
LaTeX Info: Redefining \[ on input line 2859.
LaTeX Info: Redefining \] on input line 2860.
))
(/usr/share/texlive/texmf-dist/tex/latex/graphics/graphicx.sty
Package: graphicx 2019/11/30 v1.2a Enhanced LaTeX Graphics (DPC,SPQR)

(/usr/share/texlive/texmf-dist/tex/latex/graphics/graphics.sty
Package: graphics 2019/11/30 v1.4a Standard LaTeX Graphics (DPC,SPQR)

(/usr/share/texlive/texmf-dist/tex/latex/graphics/trig.sty
Package: trig 2016/01/03 v1.10 sin cos tan (DPC)
)
(/usr/share/texlive/texmf-dist/tex/latex/graphics-cfg/graphics.cfg
File: graphics.cfg 2016/06/04 v1.11 sample graphics configuration
)
Package graphics Info: Driver file: pdftex.def on input line 105.
)
\Gin@req@height=\dimen165
\Gin@req@width=\dimen166
)
(/usr/share/texlive/texmf-dist/tex/latex/placeins/placeins.sty
Package: placeins 2005/04/18  v 2.2
)
(/usr/share/texlive/texmf-dist/tex/latex/pdfpages/pdfpages.sty
Package: pdfpages 2020/01/28 v0.5q Insert pages of external PDF documents (AM)

(/usr/share/texlive/texmf-dist/tex/latex/base/ifthen.sty
Package: ifthen 2014/09/29 v1.1c Standard LaTeX ifthen package (DPC)
)
(/usr/share/texlive/texmf-dist/tex/latex/tools/calc.sty
Package: calc 2017/05/25 v4.3 Infix arithmetic (KKT,FJ)
\calc@Acount=\count271
\calc@Bcount=\count272
\calc@Adimen=\dimen167
\calc@Bdimen=\dimen168
\calc@Askip=\skip69
\calc@Bskip=\skip70
LaTeX Info: Redefining \setlength on input line 80.
LaTeX Info: Redefining \addtolength on input line 81.
\calc@Ccount=\count273
\calc@Cskip=\skip71
)
(/usr/share/texlive/texmf-dist/tex/latex/eso-pic/eso-pic.sty
Package: eso-pic 2018/04/12 v2.0h eso-pic (RN)

(/usr/share/texlive/texmf-dist/tex/generic/atbegshi/atbegshi.sty
Package: atbegshi 2019/12/05 v1.19 At begin shipout hook (HO)

(/usr/share/texlive/texmf-dist/tex/generic/infwarerr/infwarerr.sty
Package: infwarerr 2019/12/03 v1.5 Providing info/warning/error messages (HO)
)
(/usr/share/texlive/texmf-dist/tex/generic/ltxcmds/ltxcmds.sty
Package: ltxcmds 2019/12/15 v1.24 LaTeX kernel commands for general use (HO)
)))
\AM@pagewidth=\dimen169
\AM@pageheight=\dimen170

(/usr/share/texlive/texmf-dist/tex/latex/pdfpages/pppdftex.def
File: pppdftex.def 2020/01/28 v0.5q Pdfpages driver for pdfTeX (AM)
)
\AM@pagebox=\box55
\AM@global@opts=\toks29
\AM@pagecnt=\count274
\AM@toc@title=\toks30
\c@AM@survey=\count275
\AM@templatesizebox=\box56
)
(/usr/share/texlive/texmf-dist/tex/latex/booktabs/booktabs.sty
Package: booktabs 2020/01/12 v1.61803398 Publication quality tables
\heavyrulewidth=\dimen171
\lightrulewidth=\dimen172
\cmidrulewidth=\dimen173
\belowrulesep=\dimen174
\belowbottomsep=\dimen175
\aboverulesep=\dimen176
\abovetopsep=\dimen177
\cmidrulesep=\dimen178
\cmidrulekern=\dimen179
\defaultaddspace=\dimen180
\@cmidla=\count276
\@cmidlb=\count277
\@aboverulesep=\dimen181
\@belowrulesep=\dimen182
\@thisruleclass=\count278
\@lastruleclass=\count279
\@thisrulewidth=\dimen183
)
(/usr/share/texlive/texmf-dist/tex/latex/caption/subcaption.sty
Package: subcaption 2020/01/22 v1.3d Sub-captions (AR)

(/usr/share/texlive/texmf-dist/tex/latex/caption/caption.sty
Package: caption 2020/01/03 v3.4h Customizing captions (AR)
\c@caption@flags=\count280
\c@continuedfloat=\count281
Package caption Info: float package is loaded.
Package caption Info: floatrow package is loaded.
)
\c@subfigure=\count282
\c@subtable=\count283
)
(/usr/share/texlive/texmf-dist/tex/latex/graphics/rotating.sty
Package: rotating 2016/08/11 v2.16d rotated objects in LaTeX
\c@r@tfl@t=\count284
\rotFPtop=\skip72
\rotFPbot=\skip73
\rot@float@box=\box57
\rot@mess@toks=\toks31
)
(/usr/share/texlive/texmf-dist/tex/latex/pgf/frontendlayer/tikz.sty
(/usr/share/texlive/texmf-dist/tex/latex/pgf/basiclayer/pgf.sty
(/usr/share/texlive/texmf-dist/tex/latex/pgf/utilities/pgfrcs.sty
(/usr/share/texlive/texmf-dist/tex/generic/pgf/utilities/pgfutil-common.tex
\pgfutil@everybye=\toks32
\pgfutil@tempdima=\dimen184
\pgfutil@tempdimb=\dimen185

(/usr/share/texlive/texmf-dist/tex/generic/pgf/utilities/pgfutil-common-lists.t
ex)) (/usr/share/texlive/texmf-dist/tex/generic/pgf/utilities/pgfutil-latex.def
\pgfutil@abb=\box58
(/usr/share/texlive/texmf-dist/tex/latex/ms/everyshi.sty
Package: everyshi 2001/05/15 v3.00 EveryShipout Package (MS)
))
(/usr/share/texlive/texmf-dist/tex/generic/pgf/utilities/pgfrcs.code.tex
(/usr/share/texlive/texmf-dist/tex/generic/pgf/pgf.revision.tex)
Package: pgfrcs 2020/01/08 v3.1.5b (3.1.5b)
))
Package: pgf 2020/01/08 v3.1.5b (3.1.5b)

(/usr/share/texlive/texmf-dist/tex/latex/pgf/basiclayer/pgfcore.sty
(/usr/share/texlive/texmf-dist/tex/latex/pgf/systemlayer/pgfsys.sty
(/usr/share/texlive/texmf-dist/tex/generic/pgf/systemlayer/pgfsys.code.tex
Package: pgfsys 2020/01/08 v3.1.5b (3.1.5b)

(/usr/share/texlive/texmf-dist/tex/generic/pgf/utilities/pgfkeys.code.tex
\pgfkeys@pathtoks=\toks33
\pgfkeys@temptoks=\toks34

(/usr/share/texlive/texmf-dist/tex/generic/pgf/utilities/pgfkeysfiltered.code.t
ex
\pgfkeys@tmptoks=\toks35
))
\pgf@x=\dimen186
\pgf@y=\dimen187
\pgf@xa=\dimen188
\pgf@ya=\dimen189
\pgf@xb=\dimen190
\pgf@yb=\dimen191
\pgf@xc=\dimen192
\pgf@yc=\dimen193
\pgf@xd=\dimen194
\pgf@yd=\dimen195
\w@pgf@writea=\write4
\r@pgf@reada=\read2
\c@pgf@counta=\count285
\c@pgf@countb=\count286
\c@pgf@countc=\count287
\c@pgf@countd=\count288
\t@pgf@toka=\toks36
\t@pgf@tokb=\toks37
\t@pgf@tokc=\toks38
\pgf@sys@id@count=\count289
 (/usr/share/texlive/texmf-dist/tex/generic/pgf/systemlayer/pgf.cfg
File: pgf.cfg 2020/01/08 v3.1.5b (3.1.5b)
)
Driver file for pgf: pgfsys-pdftex.def

(/usr/share/texlive/texmf-dist/tex/generic/pgf/systemlayer/pgfsys-pdftex.def
File: pgfsys-pdftex.def 2020/01/08 v3.1.5b (3.1.5b)

(/usr/share/texlive/texmf-dist/tex/generic/pgf/systemlayer/pgfsys-common-pdf.de
f
File: pgfsys-common-pdf.def 2020/01/08 v3.1.5b (3.1.5b)
)))
(/usr/share/texlive/texmf-dist/tex/generic/pgf/systemlayer/pgfsyssoftpath.code.
tex
File: pgfsyssoftpath.code.tex 2020/01/08 v3.1.5b (3.1.5b)
\pgfsyssoftpath@smallbuffer@items=\count290
\pgfsyssoftpath@bigbuffer@items=\count291
)
(/usr/share/texlive/texmf-dist/tex/generic/pgf/systemlayer/pgfsysprotocol.code.
tex
File: pgfsysprotocol.code.tex 2020/01/08 v3.1.5b (3.1.5b)
))
(/usr/share/texlive/texmf-dist/tex/generic/pgf/basiclayer/pgfcore.code.tex
Package: pgfcore 2020/01/08 v3.1.5b (3.1.5b)

(/usr/share/texlive/texmf-dist/tex/generic/pgf/math/pgfmath.code.tex
(/usr/share/texlive/texmf-dist/tex/generic/pgf/math/pgfmathcalc.code.tex
(/usr/share/texlive/texmf-dist/tex/generic/pgf/math/pgfmathutil.code.tex)
(/usr/share/texlive/texmf-dist/tex/generic/pgf/math/pgfmathparser.code.tex
\pgfmath@dimen=\dimen196
\pgfmath@count=\count292
\pgfmath@box=\box59
\pgfmath@toks=\toks39
\pgfmath@stack@operand=\toks40
\pgfmath@stack@operation=\toks41
)
(/usr/share/texlive/texmf-dist/tex/generic/pgf/math/pgfmathfunctions.code.tex
(/usr/share/texlive/texmf-dist/tex/generic/pgf/math/pgfmathfunctions.basic.code
.tex)
(/usr/share/texlive/texmf-dist/tex/generic/pgf/math/pgfmathfunctions.trigonomet
ric.code.tex)
(/usr/share/texlive/texmf-dist/tex/generic/pgf/math/pgfmathfunctions.random.cod
e.tex)
(/usr/share/texlive/texmf-dist/tex/generic/pgf/math/pgfmathfunctions.comparison
.code.tex)
(/usr/share/texlive/texmf-dist/tex/generic/pgf/math/pgfmathfunctions.base.code.
tex)
(/usr/share/texlive/texmf-dist/tex/generic/pgf/math/pgfmathfunctions.round.code
.tex)
(/usr/share/texlive/texmf-dist/tex/generic/pgf/math/pgfmathfunctions.misc.code.
tex)
(/usr/share/texlive/texmf-dist/tex/generic/pgf/math/pgfmathfunctions.integerari
thmetics.code.tex)))
(/usr/share/texlive/texmf-dist/tex/generic/pgf/math/pgfmathfloat.code.tex
\c@pgfmathroundto@lastzeros=\count293
))
(/usr/share/texlive/texmf-dist/tex/generic/pgf/math/pgfint.code.tex)
(/usr/share/texlive/texmf-dist/tex/generic/pgf/basiclayer/pgfcorepoints.code.te
x
File: pgfcorepoints.code.tex 2020/01/08 v3.1.5b (3.1.5b)
\pgf@picminx=\dimen197
\pgf@picmaxx=\dimen198
\pgf@picminy=\dimen256
\pgf@picmaxy=\dimen257
\pgf@pathminx=\dimen258
\pgf@pathmaxx=\dimen259
\pgf@pathminy=\dimen260
\pgf@pathmaxy=\dimen261
\pgf@xx=\dimen262
\pgf@xy=\dimen263
\pgf@yx=\dimen264
\pgf@yy=\dimen265
\pgf@zx=\dimen266
\pgf@zy=\dimen267
)
(/usr/share/texlive/texmf-dist/tex/generic/pgf/basiclayer/pgfcorepathconstruct.
code.tex
File: pgfcorepathconstruct.code.tex 2020/01/08 v3.1.5b (3.1.5b)
\pgf@path@lastx=\dimen268
\pgf@path@lasty=\dimen269
)
(/usr/share/texlive/texmf-dist/tex/generic/pgf/basiclayer/pgfcorepathusage.code
.tex
File: pgfcorepathusage.code.tex 2020/01/08 v3.1.5b (3.1.5b)
\pgf@shorten@end@additional=\dimen270
\pgf@shorten@start@additional=\dimen271
)
(/usr/share/texlive/texmf-dist/tex/generic/pgf/basiclayer/pgfcorescopes.code.te
x
File: pgfcorescopes.code.tex 2020/01/08 v3.1.5b (3.1.5b)
\pgfpic=\box60
\pgf@hbox=\box61
\pgf@layerbox@main=\box62
\pgf@picture@serial@count=\count294
)
(/usr/share/texlive/texmf-dist/tex/generic/pgf/basiclayer/pgfcoregraphicstate.c
ode.tex
File: pgfcoregraphicstate.code.tex 2020/01/08 v3.1.5b (3.1.5b)
\pgflinewidth=\dimen272
)
(/usr/share/texlive/texmf-dist/tex/generic/pgf/basiclayer/pgfcoretransformation
s.code.tex
File: pgfcoretransformations.code.tex 2020/01/08 v3.1.5b (3.1.5b)
\pgf@pt@x=\dimen273
\pgf@pt@y=\dimen274
\pgf@pt@temp=\dimen275
)
(/usr/share/texlive/texmf-dist/tex/generic/pgf/basiclayer/pgfcorequick.code.tex
File: pgfcorequick.code.tex 2020/01/08 v3.1.5b (3.1.5b)
)
(/usr/share/texlive/texmf-dist/tex/generic/pgf/basiclayer/pgfcoreobjects.code.t
ex
File: pgfcoreobjects.code.tex 2020/01/08 v3.1.5b (3.1.5b)
)
(/usr/share/texlive/texmf-dist/tex/generic/pgf/basiclayer/pgfcorepathprocessing
.code.tex
File: pgfcorepathprocessing.code.tex 2020/01/08 v3.1.5b (3.1.5b)
)
(/usr/share/texlive/texmf-dist/tex/generic/pgf/basiclayer/pgfcorearrows.code.te
x
File: pgfcorearrows.code.tex 2020/01/08 v3.1.5b (3.1.5b)
\pgfarrowsep=\dimen276
)
(/usr/share/texlive/texmf-dist/tex/generic/pgf/basiclayer/pgfcoreshade.code.tex
File: pgfcoreshade.code.tex 2020/01/08 v3.1.5b (3.1.5b)
\pgf@max=\dimen277
\pgf@sys@shading@range@num=\count295
\pgf@shadingcount=\count296
)
(/usr/share/texlive/texmf-dist/tex/generic/pgf/basiclayer/pgfcoreimage.code.tex
File: pgfcoreimage.code.tex 2020/01/08 v3.1.5b (3.1.5b)

(/usr/share/texlive/texmf-dist/tex/generic/pgf/basiclayer/pgfcoreexternal.code.
tex
File: pgfcoreexternal.code.tex 2020/01/08 v3.1.5b (3.1.5b)
\pgfexternal@startupbox=\box63
))
(/usr/share/texlive/texmf-dist/tex/generic/pgf/basiclayer/pgfcorelayers.code.te
x
File: pgfcorelayers.code.tex 2020/01/08 v3.1.5b (3.1.5b)
)
(/usr/share/texlive/texmf-dist/tex/generic/pgf/basiclayer/pgfcoretransparency.c
ode.tex
File: pgfcoretransparency.code.tex 2020/01/08 v3.1.5b (3.1.5b)
)
(/usr/share/texlive/texmf-dist/tex/generic/pgf/basiclayer/pgfcorepatterns.code.
tex
File: pgfcorepatterns.code.tex 2020/01/08 v3.1.5b (3.1.5b)
)
(/usr/share/texlive/texmf-dist/tex/generic/pgf/basiclayer/pgfcorerdf.code.tex
File: pgfcorerdf.code.tex 2020/01/08 v3.1.5b (3.1.5b)
)))
(/usr/share/texlive/texmf-dist/tex/generic/pgf/modules/pgfmoduleshapes.code.tex
File: pgfmoduleshapes.code.tex 2020/01/08 v3.1.5b (3.1.5b)
\pgfnodeparttextbox=\box64
) (/usr/share/texlive/texmf-dist/tex/generic/pgf/modules/pgfmoduleplot.code.tex
File: pgfmoduleplot.code.tex 2020/01/08 v3.1.5b (3.1.5b)
)
(/usr/share/texlive/texmf-dist/tex/latex/pgf/compatibility/pgfcomp-version-0-65
.sty
Package: pgfcomp-version-0-65 2020/01/08 v3.1.5b (3.1.5b)
\pgf@nodesepstart=\dimen278
\pgf@nodesepend=\dimen279
)
(/usr/share/texlive/texmf-dist/tex/latex/pgf/compatibility/pgfcomp-version-1-18
.sty
Package: pgfcomp-version-1-18 2020/01/08 v3.1.5b (3.1.5b)
)) (/usr/share/texlive/texmf-dist/tex/latex/pgf/utilities/pgffor.sty
(/usr/share/texlive/texmf-dist/tex/latex/pgf/utilities/pgfkeys.sty
(/usr/share/texlive/texmf-dist/tex/generic/pgf/utilities/pgfkeys.code.tex))
(/usr/share/texlive/texmf-dist/tex/latex/pgf/math/pgfmath.sty
(/usr/share/texlive/texmf-dist/tex/generic/pgf/math/pgfmath.code.tex))
(/usr/share/texlive/texmf-dist/tex/generic/pgf/utilities/pgffor.code.tex
Package: pgffor 2020/01/08 v3.1.5b (3.1.5b)

(/usr/share/texlive/texmf-dist/tex/generic/pgf/math/pgfmath.code.tex)
\pgffor@iter=\dimen280
\pgffor@skip=\dimen281
\pgffor@stack=\toks42
\pgffor@toks=\toks43
))
(/usr/share/texlive/texmf-dist/tex/generic/pgf/frontendlayer/tikz/tikz.code.tex
Package: tikz 2020/01/08 v3.1.5b (3.1.5b)

(/usr/share/texlive/texmf-dist/tex/generic/pgf/libraries/pgflibraryplothandlers
.code.tex
File: pgflibraryplothandlers.code.tex 2020/01/08 v3.1.5b (3.1.5b)
\pgf@plot@mark@count=\count297
\pgfplotmarksize=\dimen282
)
\tikz@lastx=\dimen283
\tikz@lasty=\dimen284
\tikz@lastxsaved=\dimen285
\tikz@lastysaved=\dimen286
\tikz@lastmovetox=\dimen287
\tikz@lastmovetoy=\dimen288
\tikzleveldistance=\dimen289
\tikzsiblingdistance=\dimen290
\tikz@figbox=\box65
\tikz@figbox@bg=\box66
\tikz@tempbox=\box67
\tikz@tempbox@bg=\box68
\tikztreelevel=\count298
\tikznumberofchildren=\count299
\tikznumberofcurrentchild=\count300
\tikz@fig@count=\count301

(/usr/share/texlive/texmf-dist/tex/generic/pgf/modules/pgfmodulematrix.code.tex
File: pgfmodulematrix.code.tex 2020/01/08 v3.1.5b (3.1.5b)
\pgfmatrixcurrentrow=\count302
\pgfmatrixcurrentcolumn=\count303
\pgf@matrix@numberofcolumns=\count304
)
\tikz@expandcount=\count305

(/usr/share/texlive/texmf-dist/tex/generic/pgf/frontendlayer/tikz/libraries/tik
zlibrarytopaths.code.tex
File: tikzlibrarytopaths.code.tex 2020/01/08 v3.1.5b (3.1.5b)
)))
(/usr/share/texlive/texmf-dist/tex/latex/parskip/parskip.sty
Package: parskip 2020-01-22 v2.0d non-zero parskip adjustments

(/usr/share/texlive/texmf-dist/tex/latex/kvoptions/kvoptions.sty
Package: kvoptions 2019/11/29 v3.13 Key value format for package options (HO)

(/usr/share/texlive/texmf-dist/tex/generic/kvsetkeys/kvsetkeys.sty
Package: kvsetkeys 2019/12/15 v1.18 Key value parser (HO)
))
(/usr/share/texlive/texmf-dist/tex/latex/etoolbox/etoolbox.sty
Package: etoolbox 2019/09/21 v2.5h e-TeX tools for LaTeX (JAW)
\etb@tempcnta=\count306
))
(/usr/share/texlive/texmf-dist/tex/latex/graphics/lscape.sty
Package: lscape 2000/10/22 v3.01 Landscape Pages (DPC)
)
(/usr/share/texlive/texmf-dist/tex/latex/tools/verbatim.sty
Package: verbatim 2019/11/10 v1.5r LaTeX2e package for verbatim enhancements
\every@verbatim=\toks44
\verbatim@line=\toks45
\verbatim@in@stream=\read3
)
(/usr/share/texlive/texmf-dist/tex/generic/babel/babel.sty
Package: babel 2020/02/14 3.40 The Babel package

(/usr/share/texlive/texmf-dist/tex/generic/babel/switch.def
File: switch.def 2020/02/14 3.40 Babel switching mechanism
)
(/usr/share/texlive/texmf-dist/tex/generic/babel-english/australian.ldf
Language: australian 2017/06/06 v3.3r English support from the babel system

(/usr/share/texlive/texmf-dist/tex/generic/babel-english/english.ldf
Language: english 2017/06/06 v3.3r English support from the babel system

(/usr/share/texlive/texmf-dist/tex/generic/babel/babel.def
File: babel.def 2020/02/14 3.40 Babel common definitions
\babel@savecnt=\count307
\U@D=\dimen291

(/usr/share/texlive/texmf-dist/tex/generic/babel/txtbabel.def)
\bbl@readstream=\read4
\bbl@dirlevel=\count308
)
Package babel Info: \l@canadian = using hyphenrules for english
(babel)             (\language0) on input line 102.
Package babel Info: \l@australian = using hyphenrules for ukenglish
(babel)             (\language3) on input line 105.
Package babel Info: \l@newzealand = using hyphenrules for ukenglish
(babel)             (\language3) on input line 108.
)))
(/usr/share/texlive/texmf-dist/tex/latex/titlesec/titlesec.sty
Package: titlesec 2019/10/16 v2.13 Sectioning titles
\ttl@box=\box69
\beforetitleunit=\skip74
\aftertitleunit=\skip75
\ttl@plus=\dimen292
\ttl@minus=\dimen293
\ttl@toksa=\toks46
\titlewidth=\dimen294
\titlewidthlast=\dimen295
\titlewidthfirst=\dimen296
)
(/usr/share/texlive/texmf-dist/tex/latex/hyperref/hyperref.sty
Package: hyperref 2020/01/14 v7.00d Hypertext links for LaTeX

(/usr/share/texlive/texmf-dist/tex/latex/pdftexcmds/pdftexcmds.sty
Package: pdftexcmds 2019/11/24 v0.31 Utility functions of pdfTeX for LuaTeX (HO
)
Package pdftexcmds Info: \pdf@primitive is available.
Package pdftexcmds Info: \pdf@ifprimitive is available.
Package pdftexcmds Info: \pdfdraftmode found.
)
(/usr/share/texlive/texmf-dist/tex/generic/kvdefinekeys/kvdefinekeys.sty
Package: kvdefinekeys 2019-12-19 v1.6 Define keys (HO)
)
(/usr/share/texlive/texmf-dist/tex/generic/pdfescape/pdfescape.sty
Package: pdfescape 2019/12/09 v1.15 Implements pdfTeX's escape features (HO)
)
(/usr/share/texlive/texmf-dist/tex/latex/hycolor/hycolor.sty
Package: hycolor 2020-01-27 v1.10 Color options for hyperref/bookmark (HO)
)
(/usr/share/texlive/texmf-dist/tex/latex/letltxmacro/letltxmacro.sty
Package: letltxmacro 2019/12/03 v1.6 Let assignment for LaTeX macros (HO)
)
(/usr/share/texlive/texmf-dist/tex/latex/auxhook/auxhook.sty
Package: auxhook 2019-12-17 v1.6 Hooks for auxiliary files (HO)
)
\@linkdim=\dimen297
\Hy@linkcounter=\count309
\Hy@pagecounter=\count310

(/usr/share/texlive/texmf-dist/tex/latex/hyperref/pd1enc.def
File: pd1enc.def 2020/01/14 v7.00d Hyperref: PDFDocEncoding definition (HO)
Now handling font encoding PD1 ...
... no UTF-8 mapping file for font encoding PD1
)
(/usr/share/texlive/texmf-dist/tex/generic/intcalc/intcalc.sty
Package: intcalc 2019/12/15 v1.3 Expandable calculations with integers (HO)
)
(/usr/share/texlive/texmf-dist/tex/generic/etexcmds/etexcmds.sty
Package: etexcmds 2019/12/15 v1.7 Avoid name clashes with e-TeX commands (HO)
)
\Hy@SavedSpaceFactor=\count311
\pdfmajorversion=\count312
Package hyperref Info: Hyper figures OFF on input line 4547.
Package hyperref Info: Link nesting OFF on input line 4552.
Package hyperref Info: Hyper index ON on input line 4555.
Package hyperref Info: Plain pages OFF on input line 4562.
Package hyperref Info: Backreferencing OFF on input line 4567.
Package hyperref Info: Implicit mode ON; LaTeX internals redefined.
Package hyperref Info: Bookmarks ON on input line 4800.
\c@Hy@tempcnt=\count313

(/usr/share/texlive/texmf-dist/tex/latex/url/url.sty
\Urlmuskip=\muskip17
Package: url 2013/09/16  ver 3.4  Verb mode for urls, etc.
)
LaTeX Info: Redefining \url on input line 5159.
\XeTeXLinkMargin=\dimen298

(/usr/share/texlive/texmf-dist/tex/generic/bitset/bitset.sty
Package: bitset 2019/12/09 v1.3 Handle bit-vector datatype (HO)

(/usr/share/texlive/texmf-dist/tex/generic/bigintcalc/bigintcalc.sty
Package: bigintcalc 2019/12/15 v1.5 Expandable calculations on big integers (HO
)
))
\Fld@menulength=\count314
\Field@Width=\dimen299
\Fld@charsize=\dimen300
Package hyperref Info: Hyper figures OFF on input line 6430.
Package hyperref Info: Link nesting OFF on input line 6435.
Package hyperref Info: Hyper index ON on input line 6438.
Package hyperref Info: backreferencing OFF on input line 6445.
Package hyperref Info: Link coloring OFF on input line 6450.
Package hyperref Info: Link coloring with OCG OFF on input line 6455.
Package hyperref Info: PDF/A mode OFF on input line 6460.
LaTeX Info: Redefining \ref on input line 6500.
LaTeX Info: Redefining \pageref on input line 6504.
\Hy@abspage=\count315
\c@Item=\count316
\c@Hfootnote=\count317
)
Package hyperref Info: Driver (autodetected): hpdftex.

(/usr/share/texlive/texmf-dist/tex/latex/hyperref/hpdftex.def
File: hpdftex.def 2020/01/14 v7.00d Hyperref driver for pdfTeX

(/usr/share/texlive/texmf-dist/tex/latex/atveryend/atveryend.sty
Package: atveryend 2019-12-11 v1.11 Hooks at the very end of document (HO)
Package atveryend Info: \AP@enddocument detected (standard20110627).
)
\Fld@listcount=\count318
\c@bookmark@seq@number=\count319

(/usr/share/texlive/texmf-dist/tex/latex/rerunfilecheck/rerunfilecheck.sty
Package: rerunfilecheck 2019/12/05 v1.9 Rerun checks for auxiliary files (HO)

(/usr/share/texlive/texmf-dist/tex/generic/uniquecounter/uniquecounter.sty
Package: uniquecounter 2019/12/15 v1.4 Provide unlimited unique counter (HO)
)
Package uniquecounter Info: New unique counter `rerunfilecheck' on input line 2
86.
)
\Hy@SectionHShift=\skip76
)
(/usr/share/texlive/texmf-dist/tex/latex/mathtools/mathtools.sty
Package: mathtools 2020/01/17 v1.23 mathematical typesetting tools

(/usr/share/texlive/texmf-dist/tex/latex/mathtools/mhsetup.sty
Package: mhsetup 2017/03/31 v1.3 programming setup (MH)
)
LaTeX Info: Thecontrolsequence`\('isalreadyrobust on input line 129.
LaTeX Info: Thecontrolsequence`\)'isalreadyrobust on input line 129.
LaTeX Info: Thecontrolsequence`\['isalreadyrobust on input line 129.
LaTeX Info: Thecontrolsequence`\]'isalreadyrobust on input line 129.
\g_MT_multlinerow_int=\count320
\l_MT_multwidth_dim=\dimen301
\origjot=\skip77
\l_MT_shortvdotswithinadjustabove_dim=\dimen302
\l_MT_shortvdotswithinadjustbelow_dim=\dimen303
\l_MT_above_intertext_sep=\dimen304
\l_MT_below_intertext_sep=\dimen305
\l_MT_above_shortintertext_sep=\dimen306
\l_MT_below_shortintertext_sep=\dimen307
)
(/usr/share/texlive/texmf-dist/tex/latex/amsfonts/amsfonts.sty
Package: amsfonts 2013/01/14 v3.01 Basic AMSFonts support
\symAMSa=\mathgroup4
\symAMSb=\mathgroup5
LaTeX Font Info:    Redeclaring math symbol \hbar on input line 98.
LaTeX Font Info:    Overwriting math alphabet `\mathfrak' in version `bold'
(Font)                  U/euf/m/n --> U/euf/b/n on input line 106.
)
(/usr/share/texlive/texmf-dist/tex/latex/amsfonts/amssymb.sty
Package: amssymb 2013/01/14 v3.01 AMS font symbols
)
(/usr/share/texlive/texmf-dist/tex/latex/jknapltx/mathrsfs.sty
Package: mathrsfs 1996/01/01 Math RSFS package v1.0 (jk)
\symrsfs=\mathgroup6
)
(/usr/share/texlive/texmf-dist/tex/latex/ncctools/nccmath.sty
Package: nccmath 2006/01/20 v1.3 Additional Math Commands (NCC)
\NCC@fracrulewidth=\dimen308
)
(/usr/share/texlive/texmf-dist/tex/latex/enumitem/enumitem.sty
Package: enumitem 2019/06/20 v3.9 Customized lists
\labelindent=\skip78
\enit@outerparindent=\dimen309
\enit@toks=\toks47
\enit@inbox=\box70
\enit@count@id=\count321
\enitdp@description=\count322
)
(/usr/share/texlive/texmf-dist/tex/latex/todonotes/todonotes.sty
Package: todonotes 2019/01/24 v1.1.2 Todonotes source and documentation.
Package: todonotes 2018/11/22

(/usr/share/texlive/texmf-dist/tex/latex/xkeyval/xkeyval.sty
Package: xkeyval 2014/12/03 v2.7a package option processing (HA)

(/usr/share/texlive/texmf-dist/tex/generic/xkeyval/xkeyval.tex
(/usr/share/texlive/texmf-dist/tex/generic/xkeyval/xkvutils.tex
\XKV@toks=\toks48
\XKV@tempa@toks=\toks49
)
\XKV@depth=\count323
File: xkeyval.tex 2014/12/03 v2.7a key=value parser (HA)
))
(/usr/share/texlive/texmf-dist/tex/generic/pgf/frontendlayer/tikz/libraries/tik
zlibrarypositioning.code.tex
File: tikzlibrarypositioning.code.tex 2020/01/08 v3.1.5b (3.1.5b)
)
(/usr/share/texlive/texmf-dist/tex/generic/pgf/frontendlayer/tikz/libraries/tik
zlibraryshadows.code.tex
File: tikzlibraryshadows.code.tex 2020/01/08 v3.1.5b (3.1.5b)

(/usr/share/texlive/texmf-dist/tex/generic/pgf/frontendlayer/tikz/libraries/tik
zlibraryfadings.code.tex
File: tikzlibraryfadings.code.tex 2020/01/08 v3.1.5b (3.1.5b)

(/usr/share/texlive/texmf-dist/tex/generic/pgf/libraries/pgflibraryfadings.code
.tex
File: pgflibraryfadings.code.tex 2020/01/08 v3.1.5b (3.1.5b)
)))
\c@@todonotes@numberoftodonotes=\count324
)
(/usr/share/texlive/texmf-dist/tex/latex/glossaries/base/glossaries.sty
Package: glossaries 2020/02/13 v4.45 (NLCT)

(/usr/share/texlive/texmf-dist/tex/latex/mfirstuc/mfirstuc.sty
Package: mfirstuc 2017/11/14 v2.06 (NLCT)
\@glsmfirst=\toks50
\@glsmrest=\toks51
)
(/usr/share/texlive/texmf-dist/tex/latex/textcase/textcase.sty
Package: textcase 2019/09/14 v1.00 Text only upper/lower case changing (DPC)
)
(/usr/share/texlive/texmf-dist/tex/latex/xfor/xfor.sty
Package: xfor 2009/02/05 v1.05 (NLCT)
)
(/usr/share/texlive/texmf-dist/tex/latex/datatool/datatool-base.sty
Package: datatool-base 2019/09/27 v2.32 (NLCT)

(/usr/share/texlive/texmf-dist/tex/latex/substr/substr.sty
Package: substr 2009/10/20 v1.2 Handle substrings
\c@su@anzahl=\count325
)
(/usr/share/texlive/texmf-dist/tex/latex/datatool/datatool-fp.sty
Package: datatool-fp 2019/09/27 v2.32 (NLCT)

(/usr/share/texlive/texmf-dist/tex/latex/fp/fp.sty
Package: fp 1995/04/02

`Fixed Point Package', Version 0.8, April 2, 1995 (C) Michael Mehlich
(/usr/share/texlive/texmf-dist/tex/latex/fp/defpattern.sty
Package: defpattern 1994/10/12
\actioncount=\count326
)
(/usr/share/texlive/texmf-dist/tex/latex/fp/fp-basic.sty
Package: fp-basic 1996/05/13
\FP@xs=\count327
\FP@xia=\count328
\FP@xib=\count329
\FP@xfa=\count330
\FP@xfb=\count331
\FP@rega=\count332
\FP@regb=\count333
\FP@regs=\count334
\FP@times=\count335
)
(/usr/share/texlive/texmf-dist/tex/latex/fp/fp-addons.sty
Package: fp-addons 1995/03/15
)
(/usr/share/texlive/texmf-dist/tex/latex/fp/fp-snap.sty
Package: fp-snap 1995/04/05
)
(/usr/share/texlive/texmf-dist/tex/latex/fp/fp-exp.sty
Package: fp-exp 1995/04/03
)
(/usr/share/texlive/texmf-dist/tex/latex/fp/fp-trigo.sty
Package: fp-trigo 1995/04/14
)
(/usr/share/texlive/texmf-dist/tex/latex/fp/fp-pas.sty
Package: fp-pas 1994/08/29
)
(/usr/share/texlive/texmf-dist/tex/latex/fp/fp-random.sty
Package: fp-random 1995/02/23
\FPseed=\count336
)
(/usr/share/texlive/texmf-dist/tex/latex/fp/fp-eqn.sty
Package: fp-eqn 1995/04/03
)
(/usr/share/texlive/texmf-dist/tex/latex/fp/fp-upn.sty
Package: fp-upn 1996/10/21
)
(/usr/share/texlive/texmf-dist/tex/latex/fp/fp-eval.sty
Package: fp-eval 1995/04/03
)))
\@dtl@toks=\toks52
\@dtl@tmpcount=\count337
\dtl@tmplength=\skip79
\dtl@sortresult=\count338
\@dtl@numgrpsepcount=\count339
\@dtl@datatype=\count340
\dtl@codeA=\count341
\dtl@codeB=\count342
\@dtl@foreach@level=\count343
)
(/usr/share/texlive/texmf-dist/tex/latex/glossaries/base/glossaries-compatible-
307.sty
Package: glossaries-compatible-307 2020/02/13 v4.45 (NLCT)
) (/usr/share/texlive/texmf-dist/tex/latex/tracklang/tracklang.sty
Package: tracklang 2019/11/30 v1.4 (NLCT) Track Languages

(/usr/share/texlive/texmf-dist/tex/generic/tracklang/tracklang.tex))
(/usr/share/texlive/texmf-dist/tex/latex/translator/translator.sty
Package: translator 2019-05-31 v1.12a Easy translation of strings in LaTeX
)
(/usr/share/texlive/texmf-dist/tex/latex/glossaries-english/glossaries-english.
ldf
File: glossaries-english.ldf 2014/11/23 v1.0
)
\gls@level=\count344
\@gls@tmpb=\toks53
\gls@tmplen=\skip80
\glskeylisttok=\toks54
\glslabeltok=\toks55
\glsshorttok=\toks56
\glslongtok=\toks57

(/usr/share/texlive/texmf-dist/tex/latex/glossaries/styles/glossary-hypernav.st
y
Package: glossary-hypernav 2020/02/13 v4.45 (NLCT)
) (/usr/share/texlive/texmf-dist/tex/latex/glossaries/styles/glossary-list.sty
Package: glossary-list 2020/02/13 v4.45 (NLCT)
\glslistdottedwidth=\skip81
) (/usr/share/texlive/texmf-dist/tex/latex/glossaries/styles/glossary-long.sty
Package: glossary-long 2020/02/13 v4.45 (NLCT)

(/usr/share/texlive/texmf-dist/tex/latex/tools/longtable.sty
Package: longtable 2020/01/07 v4.13 Multi-page Table package (DPC)
\LTleft=\skip82
\LTright=\skip83
\LTpre=\skip84
\LTpost=\skip85
\LTchunksize=\count345
\LTcapwidth=\dimen310
\LT@head=\box71
\LT@firsthead=\box72
\LT@foot=\box73
\LT@lastfoot=\box74
\LT@cols=\count346
\LT@rows=\count347
\c@LT@tables=\count348
\c@LT@chunks=\count349
\LT@p@ftn=\toks58
)
\glsdescwidth=\skip86
\glspagelistwidth=\skip87
)
(/usr/share/texlive/texmf-dist/tex/latex/glossaries/styles/glossary-super.sty
Package: glossary-super 2020/02/13 v4.45 (NLCT)

(/usr/share/texlive/texmf-dist/tex/latex/supertabular/supertabular.sty
Package: supertabular 2020/02/02 v4.1g the supertabular environment
\c@tracingst=\count350
\ST@wd=\dimen311
\ST@rightskip=\skip88
\ST@leftskip=\skip89
\ST@parfillskip=\skip90
\ST@pageleft=\dimen312
\ST@headht=\dimen313
\ST@tailht=\dimen314
\ST@pagesofar=\dimen315
\ST@pboxht=\dimen316
\ST@lineht=\dimen317
\ST@prevht=\dimen318
\ST@toadd=\dimen319
\ST@dimen=\dimen320
\ST@pbox=\box75
))
(/usr/share/texlive/texmf-dist/tex/latex/glossaries/styles/glossary-tree.sty
Package: glossary-tree 2020/02/13 v4.45 (NLCT)
\glstreeindent=\skip91
))
\glswrite=\write5
\glo@main@file=\write6
\openout6 = `esta_correcciones.glo'.

Package glossaries Info: Writing glossary file esta_correcciones.glo on input l
ine 52.
\glo@acronym@file=\write7
\openout7 = `esta_correcciones.acn'.

Package glossaries Info: Writing glossary file esta_correcciones.acn on input l
ine 52.
) (./esta_correcciones.aux

LaTeX Warning: Label `fig:BS2' multiply defined.


LaTeX Warning: Label `sub@fig:BS2' multiply defined.


LaTeX Warning: Label `fig:BS2' multiply defined.


LaTeX Warning: Label `sub@fig:BS2' multiply defined.


LaTeX Warning: Label `fig:westminster_aerea' multiply defined.


LaTeX Warning: Label `sub@fig:westminster_aerea' multiply defined.


LaTeX Warning: Label `fig:BS2' multiply defined.


LaTeX Warning: Label `sub@fig:BS2' multiply defined.


LaTeX Warning: Label `fig:westminster_aerea' multiply defined.


LaTeX Warning: Label `sub@fig:westminster_aerea' multiply defined.


LaTeX Warning: Label `fig:BS1' multiply defined.


LaTeX Warning: Label `sub@fig:BS1' multiply defined.


LaTeX Warning: Label `fig:BS1' multiply defined.


LaTeX Warning: Label `sub@fig:BS1' multiply defined.


LaTeX Warning: Label `fig:westminster_aerea' multiply defined.


LaTeX Warning: Label `sub@fig:westminster_aerea' multiply defined.


LaTeX Warning: Label `fig:BS1' multiply defined.


LaTeX Warning: Label `sub@fig:BS1' multiply defined.


LaTeX Warning: Label `fig:BS1' multiply defined.


LaTeX Warning: Label `sub@fig:BS1' multiply defined.


LaTeX Warning: Label `fig:westminster_aerea' multiply defined.


LaTeX Warning: Label `sub@fig:westminster_aerea' multiply defined.


LaTeX Warning: Label `fig:BS1' multiply defined.


LaTeX Warning: Label `sub@fig:BS1' multiply defined.


LaTeX Warning: Label `fig:westminster_aerea' multiply defined.


LaTeX Warning: Label `sub@fig:westminster_aerea' multiply defined.


LaTeX Warning: Label `fig:BS1' multiply defined.


LaTeX Warning: Label `sub@fig:BS1' multiply defined.


LaTeX Warning: Label `fig:BS1' multiply defined.


LaTeX Warning: Label `sub@fig:BS1' multiply defined.


LaTeX Warning: Label `fig:westminster_aerea' multiply defined.


LaTeX Warning: Label `sub@fig:westminster_aerea' multiply defined.


LaTeX Warning: Label `fig:BS1' multiply defined.


LaTeX Warning: Label `sub@fig:BS1' multiply defined.


LaTeX Warning: Label `fig:BS1' multiply defined.


LaTeX Warning: Label `sub@fig:BS1' multiply defined.


LaTeX Warning: Label `fig:westminster_aerea' multiply defined.


LaTeX Warning: Label `sub@fig:westminster_aerea' multiply defined.


LaTeX Warning: Label `fig:BS1' multiply defined.


LaTeX Warning: Label `sub@fig:BS1' multiply defined.


LaTeX Warning: Label `fig:BS1' multiply defined.


LaTeX Warning: Label `sub@fig:BS1' multiply defined.


LaTeX Warning: Label `fig:BS1' multiply defined.


LaTeX Warning: Label `sub@fig:BS1' multiply defined.


LaTeX Warning: Label `fig:westminster_aerea' multiply defined.


LaTeX Warning: Label `sub@fig:westminster_aerea' multiply defined.


LaTeX Warning: Label `fig:BS1' multiply defined.


LaTeX Warning: Label `sub@fig:BS1' multiply defined.


LaTeX Warning: Label `pp_wheler' multiply defined.


LaTeX Warning: Label `fig:BS1' multiply defined.


LaTeX Warning: Label `sub@fig:BS1' multiply defined.


LaTeX Warning: Label `fig:BS1' multiply defined.


LaTeX Warning: Label `sub@fig:BS1' multiply defined.


LaTeX Warning: Label `fig:BS1' multiply defined.


LaTeX Warning: Label `sub@fig:BS1' multiply defined.


LaTeX Warning: Label `fig:BS1' multiply defined.


LaTeX Warning: Label `sub@fig:BS1' multiply defined.


LaTeX Warning: Label `fig:BS1' multiply defined.


LaTeX Warning: Label `sub@fig:BS1' multiply defined.


LaTeX Warning: Label `fig:BS1' multiply defined.


LaTeX Warning: Label `sub@fig:BS1' multiply defined.


LaTeX Warning: Label `fig:BS1' multiply defined.


LaTeX Warning: Label `sub@fig:BS1' multiply defined.


LaTeX Warning: Label `fig:BS1' multiply defined.


LaTeX Warning: Label `sub@fig:BS1' multiply defined.


LaTeX Warning: Label `fig:BS1' multiply defined.


LaTeX Warning: Label `sub@fig:BS1' multiply defined.


LaTeX Warning: Label `fig:BS1' multiply defined.


LaTeX Warning: Label `sub@fig:BS1' multiply defined.


LaTeX Warning: Label `fig:BS1' multiply defined.


LaTeX Warning: Label `sub@fig:BS1' multiply defined.


LaTeX Warning: Label `fig:BS1' multiply defined.


LaTeX Warning: Label `sub@fig:BS1' multiply defined.


LaTeX Warning: Label `fig:BS1' multiply defined.


LaTeX Warning: Label `sub@fig:BS1' multiply defined.


LaTeX Warning: Label `fig:BS1' multiply defined.


LaTeX Warning: Label `sub@fig:BS1' multiply defined.


LaTeX Warning: Label `fig:BS1' multiply defined.


LaTeX Warning: Label `sub@fig:BS1' multiply defined.


LaTeX Warning: Label `fig:BS1' multiply defined.


LaTeX Warning: Label `sub@fig:BS1' multiply defined.


LaTeX Warning: Label `fig:westminster_aerea' multiply defined.


LaTeX Warning: Label `sub@fig:westminster_aerea' multiply defined.

)
\openout1 = `esta_correcciones.aux'.

LaTeX Font Info:    Checking defaults for OML/cmm/m/it on input line 22.
LaTeX Font Info:    ... okay on input line 22.
LaTeX Font Info:    Checking defaults for OMS/cmsy/m/n on input line 22.
LaTeX Font Info:    ... okay on input line 22.
LaTeX Font Info:    Checking defaults for OT1/cmr/m/n on input line 22.
LaTeX Font Info:    ... okay on input line 22.
LaTeX Font Info:    Checking defaults for T1/cmr/m/n on input line 22.
LaTeX Font Info:    ... okay on input line 22.
LaTeX Font Info:    Checking defaults for TS1/cmr/m/n on input line 22.
LaTeX Font Info:    ... okay on input line 22.
LaTeX Font Info:    Checking defaults for OMX/cmex/m/n on input line 22.
LaTeX Font Info:    ... okay on input line 22.
LaTeX Font Info:    Checking defaults for U/cmr/m/n on input line 22.
LaTeX Font Info:    ... okay on input line 22.
LaTeX Font Info:    Checking defaults for PD1/pdf/m/n on input line 22.
LaTeX Font Info:    ... okay on input line 22.
Package caption Info: Begin \AtBeginDocument code.
Package caption Info: hyperref package is loaded.
Package caption Info: longtable package is loaded.
 (/usr/share/texlive/texmf-dist/tex/latex/caption/ltcaption.sty
Package: ltcaption 2018/08/26 v1.4a longtable captions (AR)
)
Package caption Info: Fixing longtable code of `floatrow' package.
Package caption Info: rotating package is loaded.
Package caption Info: supertabular package is loaded.
Package caption Info: End \AtBeginDocument code.

(/usr/share/texlive/texmf-dist/tex/latex/floatrow/fr-longtable.sty
Package: fr-longtable 2007/11/28 v0.1b (beta) floatrow: additions for longtable

\flrow@LT@lasthead=\box76
\flrow@LT@prelastfoot=\box77
\c@FBLTpage=\count351
)
(/usr/share/texlive/texmf-dist/tex/context/base/mkii/supp-pdf.mkii
[Loading MPS to PDF converter (version 2006.09.02).]
\scratchcounter=\count352
\scratchdimen=\dimen321
\scratchbox=\box78
\nofMPsegments=\count353
\nofMParguments=\count354
\everyMPshowfont=\toks59
\MPscratchCnt=\count355
\MPscratchDim=\dimen322
\MPnumerator=\count356
\makeMPintoPDFobject=\count357
\everyMPtoPDFconversion=\toks60
) (/usr/share/texlive/texmf-dist/tex/latex/epstopdf-pkg/epstopdf-base.sty
Package: epstopdf-base 2020-01-24 v2.11 Base part for package epstopdf
Package epstopdf-base Info: Redefining graphics rule for `.eps' on input line 4
85.

(/usr/share/texlive/texmf-dist/tex/latex/latexconfig/epstopdf-sys.cfg
File: epstopdf-sys.cfg 2010/07/13 v1.3 Configuration of (r)epstopdf for TeX Liv
e
))
*geometry* driver: auto-detecting
*geometry* detected driver: pdftex
*geometry* verbose mode - [ preamble ] result:
* driver: pdftex
* paper: <default>
* layout: <same size as paper>
* layoutoffset:(h,v)=(0.0pt,0.0pt)
* modes: twoside 
* h-part:(L,W,R)=(99.58464pt, 457.80486pt, 56.9055pt)
* v-part:(T,H,B)=(99.58464pt, 638.47984pt, 56.9055pt)
* \paperwidth=614.295pt
* \paperheight=794.96999pt
* \textwidth=457.80486pt
* \textheight=638.47984pt
* \oddsidemargin=27.31465pt
* \evensidemargin=-15.36449pt
* \topmargin=-4.55914pt
* \headheight=12.0pt
* \headsep=19.8738pt
* \topskip=12.0pt
* \footskip=30.0pt
* \marginparwidth=98.0pt
* \marginparsep=7.0pt
* \columnsep=10.0pt
* \skip\footins=10.8pt plus 4.0pt minus 2.0pt
* \hoffset=0.0pt
* \voffset=0.0pt
* \mag=1000
* \@twocolumnfalse
* \@twosidetrue
* \@mparswitchtrue
* \@reversemarginfalse
* (1in=72.27pt=25.4mm, 1cm=28.453pt)

LaTeX Info: Redefining \celsius on input line 22.
Package gensymb Info: Faking symbols for \degree and \celsius on input line 22.


Package gensymb Warning: Not defining \perthousand.

LaTeX Info: Redefining \ohm on input line 22.
Package gensymb Info: Using \Omega for \ohm on input line 22.

Package gensymb Warning: Not defining \micro.

\AtBeginShipoutBox=\box79
(/usr/share/texlive/texmf-dist/tex/latex/pdflscape/pdflscape.sty
Package: pdflscape 2019/12/05 v0.12 Display of landscape pages in PDF (HO)
Package pdflscape Info: Auto-detected driver: pdftex on input line 81.
)
ABD: EveryShipout initializing macros
Package hyperref Info: Link coloring OFF on input line 22.

(/usr/share/texlive/texmf-dist/tex/latex/hyperref/nameref.sty
Package: nameref 2019/09/16 v2.46 Cross-referencing by name of section

(/usr/share/texlive/texmf-dist/tex/latex/refcount/refcount.sty
Package: refcount 2019/12/15 v3.6 Data extraction from label references (HO)
)
(/usr/share/texlive/texmf-dist/tex/generic/gettitlestring/gettitlestring.sty
Package: gettitlestring 2019/12/15 v1.6 Cleanup title references (HO)
)
\c@section@level=\count358
)
LaTeX Info: Redefining \ref on input line 22.
LaTeX Info: Redefining \pageref on input line 22.
LaTeX Info: Redefining \nameref on input line 22.

(./esta_correcciones.out) (./esta_correcciones.out)
\@outlinefile=\write8
\openout8 = `esta_correcciones.out'.

<images/logo.jpg, id=216, 819.06pt x 179.67125pt>
File: images/logo.jpg Graphic file (type jpg)
<use images/logo.jpg>
Package pdftex.def Info: images/logo.jpg  used on input line 33.
(pdftex.def)             Requested size: 457.80486pt x 100.42603pt.
 [1

\openout5 = `esta_correcciones.ist'.

{/var/lib/texmf/fonts/map/pdftex/updmap/pdftex.map} <./images/logo.jpg>] (./est
a_correcciones.toc
LaTeX Font Info:    Trying to load font information for U+msa on input line 3.

(/usr/share/texlive/texmf-dist/tex/latex/amsfonts/umsa.fd
File: umsa.fd 2013/01/14 v3.01 AMS symbols A
)
LaTeX Font Info:    Trying to load font information for U+msb on input line 3.

(/usr/share/texlive/texmf-dist/tex/latex/amsfonts/umsb.fd
File: umsb.fd 2013/01/14 v3.01 AMS symbols B
)
LaTeX Font Info:    Trying to load font information for U+rsfs on input line 3.


(/usr/share/texlive/texmf-dist/tex/latex/jknapltx/ursfs.fd
File: ursfs.fd 1998/03/24 rsfs font definition file (jk)
) [2

])
\tf@toc=\write9
\openout9 = `esta_correcciones.toc'.


Overfull \vbox (8.2pt too high) has occurred while \output is active []

 [3]
[1] [2] [3] [4] [5] [6] [7] [8]
Overfull \vbox (8.2pt too high) has occurred while \output is active []

 [9]
Chapter 1.

Overfull \vbox (7.73332pt too high) has occurred while \output is active []

pdfTeX warning (ext4): destination with the same identifier (name{page.1}) has 
been already used, duplicate ignored
<to be read again> 
                   \relax 
l.174 
       [1]
<images/TypeI.jpg, id=360, 900.36375pt x 388.45125pt>
File: images/TypeI.jpg Graphic file (type jpg)
<use images/TypeI.jpg>
Package pdftex.def Info: images/TypeI.jpg  used on input line 178.
(pdftex.def)             Requested size: 206.0077pt x 79.66858pt.
<images/typeII.jpg, id=361, 666.49pt x 288.07625pt>
File: images/typeII.jpg Graphic file (type jpg)
<use images/typeII.jpg>
Package pdftex.def Info: images/typeII.jpg  used on input line 183.
(pdftex.def)             Requested size: 206.00974pt x 79.66736pt.

Overfull \vbox (8.2pt too high) has occurred while \output is active []

pdfTeX warning (ext4): destination with the same identifier (name{page.2}) has 
been already used, duplicate ignored
<to be read again> 
                   \relax 
l.213 
       [2 <./images/TypeI.jpg> <./images/typeII.jpg>]
Overfull \vbox (8.2pt too high) has occurred while \output is active []

pdfTeX warning (ext4): destination with the same identifier (name{page.3}) has 
been already used, duplicate ignored
<to be read again> 
                   \relax 
l.256 \end{equation}
                     [3]
Overfull \vbox (8.2pt too high) has occurred while \output is active []

 [4]
Overfull \vbox (8.2pt too high) has occurred while \output is active []

 [5]
Overfull \vbox (8.2pt too high) has occurred while \output is active []

 [6]
Overfull \vbox (8.2pt too high) has occurred while \output is active []

 [7]
Overfull \vbox (8.2pt too high) has occurred while \output is active []

 [8]
<images/SPDC_yy.png, id=458, 883.3pt x 662.475pt>
File: images/SPDC_yy.png Graphic file (type png)
<use images/SPDC_yy.png>
Package pdftex.def Info: images/SPDC_yy.png  used on input line 485.
(pdftex.def)             Requested size: 206.01077pt x 154.49895pt.
<images/SPDC_xx.png, id=460, 883.3pt x 662.475pt>
File: images/SPDC_xx.png Graphic file (type png)
<use images/SPDC_xx.png>
Package pdftex.def Info: images/SPDC_xx.png  used on input line 489.
(pdftex.def)             Requested size: 206.01077pt x 154.49895pt.
<images/SPDC_yx.png, id=461, 883.3pt x 662.475pt>
File: images/SPDC_yx.png Graphic file (type png)
<use images/SPDC_yx.png>
Package pdftex.def Info: images/SPDC_yx.png  used on input line 493.
(pdftex.def)             Requested size: 206.01077pt x 154.49895pt.
<images/SPDC_xy.png, id=462, 883.3pt x 662.475pt>
File: images/SPDC_xy.png Graphic file (type png)
<use images/SPDC_xy.png>
Package pdftex.def Info: images/SPDC_xy.png  used on input line 497.
(pdftex.def)             Requested size: 206.01077pt x 154.49895pt.

Overfull \vbox (8.2pt too high) has occurred while \output is active []

 [9]
Overfull \vbox (8.2pt too high) has occurred while \output is active []

 [10 <./images/SPDC_yy.png> <./images/SPDC_xx.png> <./images/SPDC_yx.png> <./im
ages/SPDC_xy.png>]
Overfull \vbox (8.2pt too high) has occurred while \output is active []

 [11]
<images/bS.png, id=504, 796.9775pt x 1127.21124pt>
File: images/bS.png Graphic file (type png)
<use images/bS.png>
Package pdftex.def Info: images/bS.png  used on input line 556.
(pdftex.def)             Requested size: 142.25798pt x 142.25984pt.

Overfull \vbox (8.2pt too high) has occurred while \output is active []

 [12 <./images/bS.png>]
Overfull \vbox (8.2pt too high) has occurred while \output is active []

 [13]
Overfull \vbox (8.2pt too high) has occurred while \output is active []

 [14]
Overfull \vbox (8.2pt too high) has occurred while \output is active []

 [15]
Overfull \vbox (8.2pt too high) has occurred while \output is active []

 [16]
Overfull \vbox (8.2pt too high) has occurred while \output is active []

 [17]
[18]
Chapter 2.
<images/machzenhdercla.png, id=605, 845.40843pt x 597.73312pt>
File: images/machzenhdercla.png Graphic file (type png)
<use images/machzenhdercla.png>
Package pdftex.def Info: images/machzenhdercla.png  used on input line 776.
(pdftex.def)             Requested size: 457.80486pt x 323.68314pt.

Overfull \vbox (7.73332pt too high) has occurred while \output is active []


[19]
Overfull \vbox (8.2pt too high) has occurred while \output is active []

 [20 <./images/machzenhdercla.png>]
Overfull \vbox (8.2pt too high) has occurred while \output is active []

 [21]
Overfull \vbox (8.2pt too high) has occurred while \output is active []

 [22]
Chapter 3.

Overfull \vbox (8.2pt too high) has occurred while \output is active []

 [23]
[24]
<images/machzenhderbomb.png, id=666, 845.40843pt x 597.73312pt>
File: images/machzenhderbomb.png Graphic file (type png)
<use images/machzenhderbomb.png>
Package pdftex.def Info: images/machzenhderbomb.png  used on input line 901.
(pdftex.def)             Requested size: 457.80486pt x 323.68314pt.

Overfull \vbox (7.73332pt too high) has occurred while \output is active []


[25]
Overfull \vbox (8.2pt too high) has occurred while \output is active []

 [26 <./images/machzenhderbomb.png>]
Overfull \vbox (8.33331pt too high) has occurred while \output is active []


[27]
Overfull \vbox (8.2pt too high) has occurred while \output is active []

 [28]
Overfull \vbox (8.2pt too high) has occurred while \output is active []

 [29]
Overfull \vbox (8.2pt too high) has occurred while \output is active []

 [30]
<images/machzenhderbs.png, id=736, 845.40843pt x 597.73312pt>
File: images/machzenhderbs.png Graphic file (type png)
<use images/machzenhderbs.png>
Package pdftex.def Info: images/machzenhderbs.png  used on input line 1035.
(pdftex.def)             Requested size: 457.80374pt x 213.3961pt.

Overfull \vbox (8.2pt too high) has occurred while \output is active []

 [31 <./images/machzenhderbs.png>]
<images/P1abs.png, id=745, 415.5525pt x 183.084pt>
File: images/P1abs.png Graphic file (type png)
<use images/P1abs.png>
Package pdftex.def Info: images/P1abs.png  used on input line 1069.
(pdftex.def)             Requested size: 206.01299pt x 79.66882pt.
<images/P1d1.png, id=746, 361.95226pt x 274.02374pt>
File: images/P1d1.png Graphic file (type png)
<use images/P1d1.png>
Package pdftex.def Info: images/P1d1.png  used on input line 1074.
(pdftex.def)             Requested size: 206.01668pt x 79.66972pt.
<images/P1d2.png, id=747, 361.95226pt x 274.02374pt>
File: images/P1d2.png Graphic file (type png)
<use images/P1d2.png>
Package pdftex.def Info: images/P1d2.png  used on input line 1079.
(pdftex.def)             Requested size: 206.01668pt x 79.66972pt.

Overfull \vbox (8.2pt too high) has occurred while \output is active []

 [32 <./images/P1abs.png (PNG copy)> <./images/P1d1.png (PNG copy)> <./images/P
1d2.png (PNG copy)>]
<images/PD1_BS_v.png, id=756, 642.4pt x 481.8pt>
File: images/PD1_BS_v.png Graphic file (type png)
<use images/PD1_BS_v.png>
Package pdftex.def Info: images/PD1_BS_v.png  used on input line 1094.
(pdftex.def)             Requested size: 183.11914pt x 137.33647pt.
<images/PD2_BS_v.png, id=757, 642.4pt x 481.8pt>
File: images/PD2_BS_v.png Graphic file (type png)
<use images/PD2_BS_v.png>
Package pdftex.def Info: images/PD2_BS_v.png  used on input line 1099.
(pdftex.def)             Requested size: 183.11914pt x 137.33647pt.
<images/PAbs_BS_v.png, id=758, 642.4pt x 481.8pt>
File: images/PAbs_BS_v.png Graphic file (type png)
<use images/PAbs_BS_v.png>
Package pdftex.def Info: images/PAbs_BS_v.png  used on input line 1104.
(pdftex.def)             Requested size: 183.11914pt x 137.33647pt.
<images/PD1_BS_h.png, id=763, 642.4pt x 481.8pt>
File: images/PD1_BS_h.png Graphic file (type png)
<use images/PD1_BS_h.png>
Package pdftex.def Info: images/PD1_BS_h.png  used on input line 1117.
(pdftex.def)             Requested size: 206.01077pt x 154.50261pt.
<images/PD2_BS_h.png, id=764, 642.4pt x 481.8pt>
File: images/PD2_BS_h.png Graphic file (type png)
<use images/PD2_BS_h.png>
Package pdftex.def Info: images/PD2_BS_h.png  used on input line 1122.
(pdftex.def)             Requested size: 206.01077pt x 154.50261pt.
File: images/PAbs_BS_v.png Graphic file (type png)
<use images/PAbs_BS_v.png>
Package pdftex.def Info: images/PAbs_BS_v.png  used on input line 1127.
(pdftex.def)             Requested size: 206.01077pt x 154.50261pt.

Overfull \vbox (8.2pt too high) has occurred while \output is active []

 [33 <./images/PD1_BS_v.png> <./images/PD2_BS_v.png> <./images/PAbs_BS_v.png>]
Overfull \vbox (8.2pt too high) has occurred while \output is active []

 [34 <./images/PD1_BS_h.png> <./images/PD2_BS_h.png>]

Package hyperref Warning: Token not allowed in a PDF string (PDFDocEncoding):
(hyperref)                removing `math shift' on input line 1156.


Package hyperref Warning: Token not allowed in a PDF string (PDFDocEncoding):
(hyperref)                removing `math shift' on input line 1156.

<images/machzenhderBSS.png, id=788, 1127.21124pt x 796.9775pt>
File: images/machzenhderBSS.png Graphic file (type png)
<use images/machzenhderBSS.png>
Package pdftex.def Info: images/machzenhderBSS.png  used on input line 1179.
(pdftex.def)             Requested size: 457.80804pt x 227.61522pt.

Overfull \vbox (8.2pt too high) has occurred while \output is active []

 [35]
Overfull \vbox (8.2pt too high) has occurred while \output is active []

 [36 <./images/machzenhderBSS.png>]
Overfull \vbox (8.2pt too high) has occurred while \output is active []

 [37]
<images/machzenhderchopper.png, id=814, 1127.21124pt x 796.9775pt>
File: images/machzenhderchopper.png Graphic file (type png)
<use images/machzenhderchopper.png>
Package pdftex.def Info: images/machzenhderchopper.png  used on input line 1239
.
(pdftex.def)             Requested size: 457.80486pt x 323.68617pt.

Overfull \vbox (8.2pt too high) has occurred while \output is active []

 [38 <./images/machzenhderchopper.png>]
Overfull \vbox (8.2pt too high) has occurred while \output is active []

 [39]
Overfull \vbox (8.2pt too high) has occurred while \output is active []

 [40]
<images/PD1_h.png, id=847, 642.4pt x 481.8pt>
File: images/PD1_h.png Graphic file (type png)
<use images/PD1_h.png>
Package pdftex.def Info: images/PD1_h.png  used on input line 1414.
(pdftex.def)             Requested size: 183.11914pt x 137.33647pt.
<images/PD2_h.png, id=848, 642.4pt x 481.8pt>
File: images/PD2_h.png Graphic file (type png)
<use images/PD2_h.png>
Package pdftex.def Info: images/PD2_h.png  used on input line 1419.
(pdftex.def)             Requested size: 183.11914pt x 137.33647pt.
<images/PAbs_v.png, id=849, 642.4pt x 481.8pt>
File: images/PAbs_v.png Graphic file (type png)
<use images/PAbs_v.png>
Package pdftex.def Info: images/PAbs_v.png  used on input line 1424.
(pdftex.def)             Requested size: 183.11914pt x 137.33647pt.
File: images/PD1_h.png Graphic file (type png)
<use images/PD1_h.png>
Package pdftex.def Info: images/PD1_h.png  used on input line 1453.
(pdftex.def)             Requested size: 183.11914pt x 137.33647pt.
File: images/PD2_h.png Graphic file (type png)
<use images/PD2_h.png>
Package pdftex.def Info: images/PD2_h.png  used on input line 1458.
(pdftex.def)             Requested size: 183.11914pt x 137.33647pt.
File: images/PAbs_v.png Graphic file (type png)
<use images/PAbs_v.png>
Package pdftex.def Info: images/PAbs_v.png  used on input line 1463.
(pdftex.def)             Requested size: 183.11914pt x 137.33647pt.

Overfull \vbox (8.2pt too high) has occurred while \output is active []

 [41]
Overfull \vbox (8.2pt too high) has occurred while \output is active []

 [42 <./images/PD1_h.png> <./images/PD2_h.png> <./images/PAbs_v.png>]
Overfull \vbox (8.2pt too high) has occurred while \output is active []

 [43]
Overfull \vbox (8.2pt too high) has occurred while \output is active []

 [44]
Chapter 4.

Overfull \hbox (12.1652pt too wide) in paragraph at lines 1563--1563
|\OT1/cmr/bx/n/24.88 High-efficiency Mach-Zehnder in-ter-fer-
 []


Overfull \vbox (7.73332pt too high) has occurred while \output is active []


[45]
<images/nmach2.png, id=917, 708.39656pt x 200.24812pt>
File: images/nmach2.png Graphic file (type png)
<use images/nmach2.png>
Package pdftex.def Info: images/nmach2.png  used on input line 1597.
(pdftex.def)             Requested size: 457.80486pt x 129.41418pt.


Package hyperref Warning: Token not allowed in a PDF string (PDFDocEncoding):
(hyperref)                removing `math shift' on input line 1612.


Package hyperref Warning: Token not allowed in a PDF string (PDFDocEncoding):
(hyperref)                removing `\sum@' on input line 1612.


Package hyperref Warning: Token not allowed in a PDF string (PDFDocEncoding):
(hyperref)                removing `\slimits@' on input line 1612.


Package hyperref Warning: Token not allowed in a PDF string (PDFDocEncoding):
(hyperref)                removing `subscript' on input line 1612.


Package hyperref Warning: Token not allowed in a PDF string (PDFDocEncoding):
(hyperref)                removing `superscript' on input line 1612.


Package hyperref Warning: Token not allowed in a PDF string (PDFDocEncoding):
(hyperref)                removing `\theta' on input line 1612.


Package hyperref Warning: Token not allowed in a PDF string (PDFDocEncoding):
(hyperref)                removing `subscript' on input line 1612.


Package hyperref Warning: Token not allowed in a PDF string (PDFDocEncoding):
(hyperref)                removing `\begingroup' on input line 1612.


Package hyperref Warning: Token not allowed in a PDF string (PDFDocEncoding):
(hyperref)                removing `\pi' on input line 1612.


Package hyperref Warning: Token not allowed in a PDF string (PDFDocEncoding):
(hyperref)                removing `\endgroup' on input line 1612.


Package hyperref Warning: Token not allowed in a PDF string (PDFDocEncoding):
(hyperref)                removing `\@@over' on input line 1612.


Package hyperref Warning: Token not allowed in a PDF string (PDFDocEncoding):
(hyperref)                removing `math shift' on input line 1612.


Overfull \vbox (8.2pt too high) has occurred while \output is active []

 [46 <./images/nmach2.png>]
<images/BS_Azuna.png, id=926, 411.5375pt x 278.03876pt>
File: images/BS_Azuna.png Graphic file (type png)
<use images/BS_Azuna.png>
Package pdftex.def Info: images/BS_Azuna.png  used on input line 1631.
(pdftex.def)             Requested size: 206.01314pt x 142.26456pt.
<images/BS_AzunaD2.png, id=927, 411.5375pt x 281.05pt>
File: images/BS_AzunaD2.png Graphic file (type png)
<use images/BS_AzunaD2.png>
Package pdftex.def Info: images/BS_AzunaD2.png  used on input line 1636.
(pdftex.def)             Requested size: 206.01314pt x 142.26147pt.
<images/absorbido_azuna.png, id=928, 409.53pt x 278.03876pt>
File: images/absorbido_azuna.png Graphic file (type png)
<use images/absorbido_azuna.png>
Package pdftex.def Info: images/absorbido_azuna.png  used on input line 1641.
(pdftex.def)             Requested size: 206.01427pt x 142.26456pt.

Overfull \vbox (11.30006pt too high) has occurred while \output is active []


[47]

Package hyperref Warning: Token not allowed in a PDF string (PDFDocEncoding):
(hyperref)                removing `math shift' on input line 1674.


Package hyperref Warning: Token not allowed in a PDF string (PDFDocEncoding):
(hyperref)                removing `\theta' on input line 1674.


Package hyperref Warning: Token not allowed in a PDF string (PDFDocEncoding):
(hyperref)                removing `subscript' on input line 1674.


Package hyperref Warning: Token not allowed in a PDF string (PDFDocEncoding):
(hyperref)                removing `\theta' on input line 1674.


Package hyperref Warning: Token not allowed in a PDF string (PDFDocEncoding):
(hyperref)                removing `math shift' on input line 1674.


Overfull \vbox (8.2pt too high) has occurred while \output is active []

 [48 <./images/BS_Azuna.png> <./images/BS_AzunaD2.png> <./images/absorbido_azun
a.png>]
<images/BsFijo_azumaD1.png, id=961, 404.51125pt x 277.035pt>
File: images/BsFijo_azumaD1.png Graphic file (type png)
<use images/BsFijo_azumaD1.png>
Package pdftex.def Info: images/BsFijo_azumaD1.png  used on input line 1681.
(pdftex.def)             Requested size: 206.01077pt x 141.09152pt.
<images/BsFijo_azumaD2.png, id=962, 404.51125pt x 279.0425pt>
File: images/BsFijo_azumaD2.png Graphic file (type png)
<use images/BsFijo_azumaD2.png>
Package pdftex.def Info: images/BsFijo_azumaD2.png  used on input line 1686.
(pdftex.def)             Requested size: 206.01077pt x 142.11392pt.
<images/BsFijo_azumaabs.png, id=963, 402.50375pt x 277.035pt>
File: images/BsFijo_azumaabs.png Graphic file (type png)
<use images/BsFijo_azumaabs.png>
Package pdftex.def Info: images/BsFijo_azumaabs.png  used on input line 1691.
(pdftex.def)             Requested size: 206.01077pt x 141.79324pt.


Package hyperref Warning: Token not allowed in a PDF string (PDFDocEncoding):
(hyperref)                removing `math shift' on input line 1705.


Package hyperref Warning: Token not allowed in a PDF string (PDFDocEncoding):
(hyperref)                removing `\theta' on input line 1705.


Package hyperref Warning: Token not allowed in a PDF string (PDFDocEncoding):
(hyperref)                removing `subscript' on input line 1705.


Package hyperref Warning: Token not allowed in a PDF string (PDFDocEncoding):
(hyperref)                removing `\not' on input line 1705.


Package hyperref Warning: Token not allowed in a PDF string (PDFDocEncoding):
(hyperref)                removing `\theta' on input line 1705.


Package hyperref Warning: Token not allowed in a PDF string (PDFDocEncoding):
(hyperref)                removing `subscript' on input line 1705.


Package hyperref Warning: Token not allowed in a PDF string (PDFDocEncoding):
(hyperref)                removing `math shift' on input line 1705.


Package hyperref Warning: Token not allowed in a PDF string (PDFDocEncoding):
(hyperref)                removing `math shift' on input line 1705.


Package hyperref Warning: Token not allowed in a PDF string (PDFDocEncoding):
(hyperref)                removing `\sum@' on input line 1705.


Package hyperref Warning: Token not allowed in a PDF string (PDFDocEncoding):
(hyperref)                removing `\slimits@' on input line 1705.


Package hyperref Warning: Token not allowed in a PDF string (PDFDocEncoding):
(hyperref)                removing `subscript' on input line 1705.


Package hyperref Warning: Token not allowed in a PDF string (PDFDocEncoding):
(hyperref)                removing `superscript' on input line 1705.


Package hyperref Warning: Token not allowed in a PDF string (PDFDocEncoding):
(hyperref)                removing `\theta' on input line 1705.


Package hyperref Warning: Token not allowed in a PDF string (PDFDocEncoding):
(hyperref)                removing `subscript' on input line 1705.


Package hyperref Warning: Token not allowed in a PDF string (PDFDocEncoding):
(hyperref)                removing `\begingroup' on input line 1705.


Package hyperref Warning: Token not allowed in a PDF string (PDFDocEncoding):
(hyperref)                removing `\pi' on input line 1705.


Package hyperref Warning: Token not allowed in a PDF string (PDFDocEncoding):
(hyperref)                removing `\endgroup' on input line 1705.


Package hyperref Warning: Token not allowed in a PDF string (PDFDocEncoding):
(hyperref)                removing `\@@over' on input line 1705.


Package hyperref Warning: Token not allowed in a PDF string (PDFDocEncoding):
(hyperref)                removing `math shift' on input line 1705.


Overfull \vbox (11.30006pt too high) has occurred while \output is active []


[49 <./images/BsFijo_azumaD1.png> <./images/BsFijo_azumaD2.png> <./images/BsFij
o_azumaabs.png>]
<images/beta_theta2.png, id=977, 642.4pt x 481.8pt>
File: images/beta_theta2.png Graphic file (type png)
<use images/beta_theta2.png>
Package pdftex.def Info: images/beta_theta2.png  used on input line 1744.
(pdftex.def)             Requested size: 183.11914pt x 137.33647pt.
<images/beta_theta.png, id=978, 642.4pt x 481.8pt>
File: images/beta_theta.png Graphic file (type png)
<use images/beta_theta.png>
Package pdftex.def Info: images/beta_theta.png  used on input line 1749.
(pdftex.def)             Requested size: 183.11914pt x 137.33647pt.

Overfull \vbox (8.2pt too high) has occurred while \output is active []

 [50]
<images/Azuma_phases2.png, id=993, 418.56375pt x 306.14375pt>
File: images/Azuma_phases2.png Graphic file (type png)
<use images/Azuma_phases2.png>
Package pdftex.def Info: images/Azuma_phases2.png  used on input line 1776.
(pdftex.def)             Requested size: 137.34285pt x 100.45316pt.
<images/Azuma_phases5.png, id=994, 424.58624pt x 311.1625pt>
File: images/Azuma_phases5.png Graphic file (type png)
<use images/Azuma_phases5.png>
Package pdftex.def Info: images/Azuma_phases5.png  used on input line 1780.
(pdftex.def)             Requested size: 137.34285pt x 100.65181pt.
<images/Azuma_phases10.png, id=995, 424.58624pt x 311.1625pt>
File: images/Azuma_phases10.png Graphic file (type png)
<use images/Azuma_phases10.png>
Package pdftex.def Info: images/Azuma_phases10.png  used on input line 1785.
(pdftex.def)             Requested size: 137.34285pt x 100.65181pt.
<images/Azuma_phases100.png, id=996, 424.58624pt x 312.16624pt>
File: images/Azuma_phases100.png Graphic file (type png)
<use images/Azuma_phases100.png>
Package pdftex.def Info: images/Azuma_phases100.png  used on input line 1790.
(pdftex.def)             Requested size: 137.34285pt x 100.9765pt.
<images/Azuma_phases1000.png, id=997, 424.58624pt x 311.1625pt>
File: images/Azuma_phases1000.png Graphic file (type png)
<use images/Azuma_phases1000.png>
Package pdftex.def Info: images/Azuma_phases1000.png  used on input line 1795.
(pdftex.def)             Requested size: 137.34285pt x 100.65181pt.
<images/ChopperD1.png, id=1003, 411.5375pt x 278.03876pt>
File: images/ChopperD1.png Graphic file (type png)
<use images/ChopperD1.png>
Package pdftex.def Info: images/ChopperD1.png  used on input line 1814.
(pdftex.def)             Requested size: 206.01077pt x 139.18448pt.
<images/ChopperD2.png, id=1004, 411.5375pt x 278.03876pt>
File: images/ChopperD2.png Graphic file (type png)
<use images/ChopperD2.png>
Package pdftex.def Info: images/ChopperD2.png  used on input line 1819.
(pdftex.def)             Requested size: 206.01077pt x 139.18448pt.
<images/Chopper_abs.png, id=1005, 409.53pt x 278.03876pt>
File: images/Chopper_abs.png Graphic file (type png)
<use images/Chopper_abs.png>
Package pdftex.def Info: images/Chopper_abs.png  used on input line 1824.
(pdftex.def)             Requested size: 206.01077pt x 139.86754pt.

Overfull \vbox (8.33331pt too high) has occurred while \output is active []


[51 <./images/beta_theta2.png> <./images/beta_theta.png>]
Overfull \vbox (8.2pt too high) has occurred while \output is active []

 [52 <./images/Azuma_phases2.png> <./images/Azuma_phases5.png> <./images/Azuma_
phases10.png> <./images/Azuma_phases100.png> <./images/Azuma_phases1000.png>]
Overfull \vbox (8.33331pt too high) has occurred while \output is active []


[53 <./images/ChopperD1.png> <./images/ChopperD2.png> <./images/Chopper_abs.png
>]
<images/wheeler1.png, id=1040, 845.40843pt x 597.73312pt>
File: images/wheeler1.png Graphic file (type png)
<use images/wheeler1.png>
Package pdftex.def Info: images/wheeler1.png  used on input line 1862.
(pdftex.def)             Requested size: 206.01077pt x 145.64783pt.
<images/wheeler2.png, id=1041, 845.40843pt x 597.73312pt>
File: images/wheeler2.png Graphic file (type png)
<use images/wheeler2.png>
Package pdftex.def Info: images/wheeler2.png  used on input line 1869.
(pdftex.def)             Requested size: 206.01077pt x 145.64783pt.
<images/wheeler3.png, id=1042, 845.40843pt x 597.73312pt>
File: images/wheeler3.png Graphic file (type png)
<use images/wheeler3.png>
Package pdftex.def Info: images/wheeler3.png  used on input line 1876.
(pdftex.def)             Requested size: 206.01077pt x 145.64783pt.

Overfull \vbox (8.2pt too high) has occurred while \output is active []

 [54 <./images/wheeler1.png> <./images/wheeler2.png> <./images/wheeler3.png>]
<images/pd1_2.png, id=1055, 514.92375pt x 385.44pt>
File: images/pd1_2.png Graphic file (type png)
<use images/pd1_2.png>
Package pdftex.def Info: images/pd1_2.png  used on input line 1899.
(pdftex.def)             Requested size: 183.11914pt x 137.07034pt.
<images/pd2_2.png, id=1056, 575.14874pt x 430.60875pt>
File: images/pd2_2.png Graphic file (type png)
<use images/pd2_2.png>
Package pdftex.def Info: images/pd2_2.png  used on input line 1903.
(pdftex.def)             Requested size: 183.11914pt x 137.10112pt.
<images/pabs_2.png, id=1057, 514.92375pt x 385.44pt>
File: images/pabs_2.png Graphic file (type png)
<use images/pabs_2.png>
Package pdftex.def Info: images/pabs_2.png  used on input line 1908.
(pdftex.def)             Requested size: 183.11914pt x 137.07034pt.
<images/pd1_2_pi3.png, id=1059, 575.14874pt x 430.60875pt>
File: images/pd1_2_pi3.png Graphic file (type png)
<use images/pd1_2_pi3.png>
Package pdftex.def Info: images/pd1_2_pi3.png  used on input line 1921.
(pdftex.def)             Requested size: 183.11914pt x 137.10112pt.
<images/pd2_2_pi3.png, id=1060, 514.92375pt x 385.44pt>
File: images/pd2_2_pi3.png Graphic file (type png)
<use images/pd2_2_pi3.png>
Package pdftex.def Info: images/pd2_2_pi3.png  used on input line 1925.
(pdftex.def)             Requested size: 183.11914pt x 137.07034pt.

Overfull \vbox (8.33331pt too high) has occurred while \output is active []


[55 <./images/pd1_2.png> <./images/pd2_2.png> <./images/pabs_2.png>]
Overfull \vbox (8.2pt too high) has occurred while \output is active []

 [56 <./images/pd1_2_pi3.png> <./images/pd2_2_pi3.png>]
<images/pd1_3_pi4.png, id=1093, 514.92375pt x 385.44pt>
File: images/pd1_3_pi4.png Graphic file (type png)
<use images/pd1_3_pi4.png>
Package pdftex.def Info: images/pd1_3_pi4.png  used on input line 1947.
(pdftex.def)             Requested size: 137.34285pt x 102.8057pt.
<images/pd2_3_pi4.png, id=1094, 514.92375pt x 385.44pt>
File: images/pd2_3_pi4.png Graphic file (type png)
<use images/pd2_3_pi4.png>
Package pdftex.def Info: images/pd2_3_pi4.png  used on input line 1951.
(pdftex.def)             Requested size: 137.34285pt x 102.8057pt.
<images/pabs_3_pi4.png, id=1095, 514.92375pt x 385.44pt>
File: images/pabs_3_pi4.png Graphic file (type png)
<use images/pabs_3_pi4.png>
Package pdftex.def Info: images/pabs_3_pi4.png  used on input line 1956.
(pdftex.def)             Requested size: 137.34285pt x 102.8057pt.
<images/pd1_5_pi4.png, id=1096, 575.14874pt x 430.60875pt>
File: images/pd1_5_pi4.png Graphic file (type png)
<use images/pd1_5_pi4.png>
Package pdftex.def Info: images/pd1_5_pi4.png  used on input line 1961.
(pdftex.def)             Requested size: 137.34285pt x 102.82256pt.
<images/pd2_5_pi4.png, id=1097, 514.92375pt x 385.44pt>
File: images/pd2_5_pi4.png Graphic file (type png)
<use images/pd2_5_pi4.png>
Package pdftex.def Info: images/pd2_5_pi4.png  used on input line 1966.
(pdftex.def)             Requested size: 137.34285pt x 102.8057pt.
<images/pabs_5_pi4.png, id=1098, 575.14874pt x 430.60875pt>
File: images/pabs_5_pi4.png Graphic file (type png)
<use images/pabs_5_pi4.png>
Package pdftex.def Info: images/pabs_5_pi4.png  used on input line 1971.
(pdftex.def)             Requested size: 137.34285pt x 102.82256pt.

Overfull \vbox (8.33331pt too high) has occurred while \output is active []


[57 <./images/pd1_3_pi4.png> <./images/pd2_3_pi4.png> <./images/pabs_3_pi4.png>
 <./images/pd1_5_pi4.png> <./images/pd2_5_pi4.png> <./images/pabs_5_pi4.png>]
<images/pd1_3.png, id=1114, 514.92375pt x 385.44pt>
File: images/pd1_3.png Graphic file (type png)
<use images/pd1_3.png>
Package pdftex.def Info: images/pd1_3.png  used on input line 1984.
(pdftex.def)             Requested size: 137.34285pt x 102.8057pt.
<images/pd2_3.png, id=1115, 575.14874pt x 430.60875pt>
File: images/pd2_3.png Graphic file (type png)
<use images/pd2_3.png>
Package pdftex.def Info: images/pd2_3.png  used on input line 1988.
(pdftex.def)             Requested size: 137.34285pt x 102.82256pt.
<images/pabs_3.png, id=1116, 575.14874pt x 430.60875pt>
File: images/pabs_3.png Graphic file (type png)
<use images/pabs_3.png>
Package pdftex.def Info: images/pabs_3.png  used on input line 1993.
(pdftex.def)             Requested size: 137.34285pt x 102.82256pt.
<images/pd1_5.png, id=1117, 575.14874pt x 430.60875pt>
File: images/pd1_5.png Graphic file (type png)
<use images/pd1_5.png>
Package pdftex.def Info: images/pd1_5.png  used on input line 1998.
(pdftex.def)             Requested size: 137.34285pt x 102.82256pt.
<images/pd2_5.png, id=1118, 514.92375pt x 385.44pt>
File: images/pd2_5.png Graphic file (type png)
<use images/pd2_5.png>
Package pdftex.def Info: images/pd2_5.png  used on input line 2003.
(pdftex.def)             Requested size: 137.34285pt x 102.8057pt.
<images/pabs_5.png, id=1119, 514.92375pt x 385.44pt>
File: images/pabs_5.png Graphic file (type png)
<use images/pabs_5.png>
Package pdftex.def Info: images/pabs_5.png  used on input line 2008.
(pdftex.def)             Requested size: 137.34285pt x 102.8057pt.

Overfull \vbox (8.2pt too high) has occurred while \output is active []

 [58 <./images/pd1_3.png> <./images/pd2_3.png> <./images/pabs_3.png> <./images/
pd1_5.png> <./images/pd2_5.png> <./images/pabs_5.png>] [59]
Chapter 5.

Overfull \vbox (8.2pt too high) has occurred while \output is active []

 [60]
<images/mach_sara.png, id=1159, 794.97pt x 537.50812pt>
File: images/mach_sara.png Graphic file (type png)
<use images/mach_sara.png>
Package pdftex.def Info: images/mach_sara.png  used on input line 2059.
(pdftex.def)             Requested size: 317.98236pt x 214.99944pt.
<images/first_step.png, id=1161, 845.40843pt x 597.73312pt>
File: images/first_step.png Graphic file (type png)
<use images/first_step.png>
Package pdftex.def Info: images/first_step.png  used on input line 2069.
(pdftex.def)             Requested size: 227.61833pt x 113.8076pt.
<images/second_step.png, id=1162, 845.40843pt x 597.73312pt>
File: images/second_step.png Graphic file (type png)
<use images/second_step.png>
Package pdftex.def Info: images/second_step.png  used on input line 2074.
(pdftex.def)             Requested size: 227.61833pt x 113.8076pt.
<images/third_step.png, id=1163, 845.40843pt x 597.73312pt>
File: images/third_step.png Graphic file (type png)
<use images/third_step.png>
Package pdftex.def Info: images/third_step.png  used on input line 2079.
(pdftex.def)             Requested size: 227.61833pt x 113.8076pt.
<images/last_step.png, id=1164, 845.40843pt x 597.73312pt>
File: images/last_step.png Graphic file (type png)
<use images/last_step.png>
Package pdftex.def Info: images/last_step.png  used on input line 2084.
(pdftex.def)             Requested size: 227.61833pt x 113.8076pt.

Overfull \vbox (8.2pt too high) has occurred while \output is active []

 [61 <./images/mach_sara.png>]

LaTeX Warning: Text page 62 contains only floats.


Overfull \vbox (8.2pt too high) has occurred while \output is active []

 [62 <./images/first_step.png> <./images/second_step.png> <./images/third_step.
png> <./images/last_step.png>]
Overfull \vbox (8.2pt too high) has occurred while \output is active []

 [63]
Overfull \vbox (8.2pt too high) has occurred while \output is active []

 [64]
<images/cristal.jpg, id=1199, 1981.4025pt x 1667.47969pt>
File: images/cristal.jpg Graphic file (type jpg)
<use images/cristal.jpg>
Package pdftex.def Info: images/cristal.jpg  used on input line 2161.
(pdftex.def)             Requested size: 113.79974pt x 113.80948pt.
File: images/cristal.jpg Graphic file (type jpg)
<use images/cristal.jpg>
Package pdftex.def Info: images/cristal.jpg  used on input line 2161.
(pdftex.def)             Requested size: 113.79974pt x 113.80948pt.
LaTeX Font Info:    Trying to load font information for OML+cmr on input line 2
177.

(/usr/share/texlive/texmf-dist/tex/latex/base/omlcmr.fd
File: omlcmr.fd 2019/12/16 v2.5j Standard LaTeX font definitions
)
LaTeX Font Info:    Font shape `OML/cmr/m/n' in size <12> not available
(Font)              Font shape `OML/cmm/m/it' tried instead on input line 2177.


Overfull \hbox (4.40738pt too wide) in paragraph at lines 2177--2177
 [][] 
 []


Overfull \hbox (4.40738pt too wide) in paragraph at lines 2177--2177
 [][] 
 []


Overfull \vbox (8.2pt too high) has occurred while \output is active []

 [65 <./images/cristal.jpg>]
<images/effiency.png, id=1208, 320.69812pt x 207.77625pt>
File: images/effiency.png Graphic file (type png)
<use images/effiency.png>
Package pdftex.def Info: images/effiency.png  used on input line 2191.
(pdftex.def)             Requested size: 320.69733pt x 207.77573pt.
<images/sPDC.png, id=1214, 713.66624pt x 453.94594pt>
File: images/sPDC.png Graphic file (type png)
<use images/sPDC.png>
Package pdftex.def Info: images/sPDC.png  used on input line 2205.
(pdftex.def)             Requested size: 214.10152pt x 136.18483pt.

Overfull \vbox (8.2pt too high) has occurred while \output is active []

 [66 <./images/effiency.png>]
Overfull \vbox (8.2pt too high) has occurred while \output is active []

 [67 <./images/sPDC.png>]
<images/machzehnder_single1.png, id=1231, 846.16125pt x 598.48593pt>
File: images/machzehnder_single1.png Graphic file (type png)
<use images/machzehnder_single1.png>
Package pdftex.def Info: images/machzehnder_single1.png  used on input line 222
8.
(pdftex.def)             Requested size: 211.5398pt x 149.62111pt.

Overfull \hbox (5.52902pt too wide) in paragraph at lines 2228--2229
[][] 
 []

<images/machzehnder_single2.png, id=1232, 719.68875pt x 551.05875pt>
File: images/machzehnder_single2.png Graphic file (type png)
<use images/machzehnder_single2.png>
Package pdftex.def Info: images/machzehnder_single2.png  used on input line 223
2.
(pdftex.def)             Requested size: 179.92174pt x 137.76434pt.

Overfull \vbox (8.2pt too high) has occurred while \output is active []

 [68 <./images/machzehnder_single1.png> <./images/machzehnder_single2.png>]
<images/polarizeranalogy.png, id=1242, 710.655pt x 274.77657pt>
File: images/polarizeranalogy.png Graphic file (type png)
<use images/polarizeranalogy.png>
Package pdftex.def Info: images/polarizeranalogy.png  used on input line 2261.
(pdftex.def)             Requested size: 213.19814pt x 82.4336pt.

Overfull \vbox (8.2pt too high) has occurred while \output is active []

 [69 <./images/polarizeranalogy.png>]
Chapter 6.

Overfull \vbox (8.2pt too high) has occurred while \output is active []

 [70]
<images/666.jpg, id=1265, 4047.12pt x 3035.34pt>
File: images/666.jpg Graphic file (type jpg)
<use images/666.jpg>
Package pdftex.def Info: images/666.jpg  used on input line 2300.
(pdftex.def)             Requested size: 323.77621pt x 242.83215pt.
<images/Fig62dark.jpg, id=1266, 2276.505pt x 3035.34pt>
File: images/Fig62dark.jpg Graphic file (type jpg)
<use images/Fig62dark.jpg>
Package pdftex.def Info: images/Fig62dark.jpg  used on input line 2309.
(pdftex.def)             Requested size: 113.79718pt x 113.79718pt.
<images/Fig62bright.jpg, id=1267, 4047.12pt x 3035.34pt>
File: images/Fig62bright.jpg Graphic file (type jpg)
<use images/Fig62bright.jpg>
Package pdftex.def Info: images/Fig62bright.jpg  used on input line 2310.
(pdftex.def)             Requested size: 113.75085pt x 113.79718pt.
<images/fotos/11.jpg, id=1268, 988.44281pt x 1119.43219pt>
File: images/fotos/11.jpg Graphic file (type jpg)
<use images/fotos/11.jpg>
Package pdftex.def Info: images/fotos/11.jpg  used on input line 2324.
(pdftex.def)             Requested size: 113.79672pt x 113.81161pt.
<images/fotos/112.jpg, id=1269, 4047.12pt x 3035.34pt>
File: images/fotos/112.jpg Graphic file (type jpg)
<use images/fotos/112.jpg>
Package pdftex.def Info: images/fotos/112.jpg  used on input line 2325.
(pdftex.def)             Requested size: 113.75085pt x 113.79718pt.

Overfull \vbox (8.2pt too high) has occurred while \output is active []

 [71 <./images/666.jpg> <./images/Fig62dark.JPG> <./images/Fig62bright.JPG> <./
images/fotos/11.jpg> <./images/fotos/112.JPG>]
File: images/fotos/11.jpg Graphic file (type jpg)
<use images/fotos/11.jpg>
Package pdftex.def Info: images/fotos/11.jpg  used on input line 2341.
(pdftex.def)             Requested size: 56.89082pt x 99.58302pt.
File: images/fotos/112.jpg Graphic file (type jpg)
<use images/fotos/112.jpg>
Package pdftex.def Info: images/fotos/112.jpg  used on input line 2342.
(pdftex.def)             Requested size: 56.87543pt x 99.57832pt.
<images/fotos/21.jpg, id=1274, 1058.45438pt x 1119.43219pt>
File: images/fotos/21.jpg Graphic file (type jpg)
<use images/fotos/21.jpg>
Package pdftex.def Info: images/fotos/21.jpg  used on input line 2347.
(pdftex.def)             Requested size: 56.89888pt x 99.58302pt.
<images/fotos/102.jpg, id=1275, 4047.12pt x 3035.34pt>
File: images/fotos/102.jpg Graphic file (type jpg)
<use images/fotos/102.jpg>
Package pdftex.def Info: images/fotos/102.jpg  used on input line 2348.
(pdftex.def)             Requested size: 56.87543pt x 99.57832pt.
<images/fotos/31.jpg, id=1276, 965.10562pt x 969.6225pt>
File: images/fotos/31.jpg Graphic file (type jpg)
<use images/fotos/31.jpg>
Package pdftex.def Info: images/fotos/31.jpg  used on input line 2353.
(pdftex.def)             Requested size: 56.90245pt x 99.57188pt.
<images/fotos/92.jpg, id=1277, 4047.12pt x 3035.34pt>
File: images/fotos/92.jpg Graphic file (type jpg)
<use images/fotos/92.jpg>
Package pdftex.def Info: images/fotos/92.jpg  used on input line 2354.
(pdftex.def)             Requested size: 56.87543pt x 99.57832pt.
<images/fotos/41.jpg, id=1278, 1020.81375pt x 1026.08344pt>
File: images/fotos/41.jpg Graphic file (type jpg)
<use images/fotos/41.jpg>
Package pdftex.def Info: images/fotos/41.jpg  used on input line 2359.
(pdftex.def)             Requested size: 56.90038pt x 99.57693pt.
<images/fotos/82.jpg, id=1279, 4047.12pt x 3035.34pt>
File: images/fotos/82.jpg Graphic file (type jpg)
<use images/fotos/82.jpg>
Package pdftex.def Info: images/fotos/82.jpg  used on input line 2360.
(pdftex.def)             Requested size: 56.87543pt x 99.57832pt.
<images/fotos/51.jpg, id=1280, 1002.74625pt x 1091.57813pt>
File: images/fotos/51.jpg Graphic file (type jpg)
<use images/fotos/51.jpg>
Package pdftex.def Info: images/fotos/51.jpg  used on input line 2365.
(pdftex.def)             Requested size: 56.90314pt x 99.57028pt.
<images/fotos/72.jpg, id=1281, 4047.12pt x 3035.34pt>
File: images/fotos/72.jpg Graphic file (type jpg)
<use images/fotos/72.jpg>
Package pdftex.def Info: images/fotos/72.jpg  used on input line 2366.
(pdftex.def)             Requested size: 56.87543pt x 99.57832pt.
<images/fotos/61.jpg, id=1282, 978.65625pt x 969.6225pt>
File: images/fotos/61.jpg Graphic file (type jpg)
<use images/fotos/61.jpg>
Package pdftex.def Info: images/fotos/61.jpg  used on input line 2371.
(pdftex.def)             Requested size: 56.895pt x 99.57188pt.
<images/fotos/62.jpg, id=1283, 4047.12pt x 3035.34pt>
File: images/fotos/62.jpg Graphic file (type jpg)
<use images/fotos/62.jpg>
Package pdftex.def Info: images/fotos/62.jpg  used on input line 2372.
(pdftex.def)             Requested size: 56.87543pt x 99.57832pt.
<images/fotos/71.jpg, id=1284, 988.44281pt x 983.92593pt>
File: images/fotos/71.jpg Graphic file (type jpg)
<use images/fotos/71.jpg>
Package pdftex.def Info: images/fotos/71.jpg  used on input line 2377.
(pdftex.def)             Requested size: 56.89082pt x 99.58441pt.
<images/fotos/52.jpg, id=1285, 4047.12pt x 3035.34pt>
File: images/fotos/52.jpg Graphic file (type jpg)
<use images/fotos/52.jpg>
Package pdftex.def Info: images/fotos/52.jpg  used on input line 2378.
(pdftex.def)             Requested size: 56.87543pt x 99.57832pt.
<images/fotos/81.jpg, id=1286, 1020.81375pt x 1058.45438pt>
File: images/fotos/81.jpg Graphic file (type jpg)
<use images/fotos/81.jpg>
Package pdftex.def Info: images/fotos/81.jpg  used on input line 2383.
(pdftex.def)             Requested size: 56.90038pt x 99.58516pt.
<images/fotos/42.jpg, id=1287, 4047.12pt x 3035.34pt>
File: images/fotos/42.jpg Graphic file (type jpg)
<use images/fotos/42.jpg>
Package pdftex.def Info: images/fotos/42.jpg  used on input line 2384.
(pdftex.def)             Requested size: 56.87543pt x 99.57832pt.
<images/fotos/91.jpg, id=1288, 1016.29688pt x 1035.11719pt>
File: images/fotos/91.jpg Graphic file (type jpg)
<use images/fotos/91.jpg>
Package pdftex.def Info: images/fotos/91.jpg  used on input line 2389.
(pdftex.def)             Requested size: 56.89673pt x 99.58492pt.
<images/fotos/32.jpg, id=1289, 4047.12pt x 3035.34pt>
File: images/fotos/32.jpg Graphic file (type jpg)
<use images/fotos/32.jpg>
Package pdftex.def Info: images/fotos/32.jpg  used on input line 2390.
(pdftex.def)             Requested size: 56.87543pt x 99.57832pt.
<images/fotos/101.jpg, id=1290, 931.98187pt x 922.94812pt>
File: images/fotos/101.jpg Graphic file (type jpg)
<use images/fotos/101.jpg>
Package pdftex.def Info: images/fotos/101.jpg  used on input line 2395.
(pdftex.def)             Requested size: 56.89774pt x 99.58115pt.
<images/fotos/22.jpg, id=1291, 4047.12pt x 3035.34pt>
File: images/fotos/22.jpg Graphic file (type jpg)
<use images/fotos/22.jpg>
Package pdftex.def Info: images/fotos/22.jpg  used on input line 2396.
(pdftex.def)             Requested size: 56.87543pt x 99.57832pt.
<images/fotos/111.jpg, id=1292, 941.76843pt x 913.16156pt>
File: images/fotos/111.jpg Graphic file (type jpg)
<use images/fotos/111.jpg>
Package pdftex.def Info: images/fotos/111.jpg  used on input line 2401.
(pdftex.def)             Requested size: 56.89166pt x 99.58418pt.
<images/fotos/12.jpg, id=1293, 4047.12pt x 3035.34pt>
File: images/fotos/12.jpg Graphic file (type jpg)
<use images/fotos/12.jpg>
Package pdftex.def Info: images/fotos/12.jpg  used on input line 2402.
(pdftex.def)             Requested size: 56.87543pt x 99.57832pt.

Overfull \vbox (8.2pt too high) has occurred while \output is active []

 [72 <./images/fotos/21.jpg> <./images/fotos/102.JPG> <./images/fotos/31.jpg> <
./images/fotos/92.JPG> <./images/fotos/41.jpg> <./images/fotos/82.JPG> <./image
s/fotos/51.jpg> <./images/fotos/72.JPG> <./images/fotos/61.jpg> <./images/fotos
/62.JPG> <./images/fotos/71.jpg> <./images/fotos/52.JPG> <./images/fotos/81.jpg
> <./images/fotos/42.JPG> <./images/fotos/91.jpg> <./images/fotos/32.JPG> <./im
ages/fotos/101.jpg> <./images/fotos/22.JPG> <./images/fotos/111.jpg> <./images/
fotos/12.JPG>]
<images/array2.jpg, id=1303, 2276.505pt x 3035.34pt>
File: images/array2.jpg Graphic file (type jpg)
<use images/array2.jpg>
Package pdftex.def Info: images/array2.jpg  used on input line 2434.
(pdftex.def)             Requested size: 137.31387pt x 142.2349pt.
<images/outfibre.jpg, id=1304, 831.85782pt x 880.79062pt>
File: images/outfibre.jpg Graphic file (type jpg)
<use images/outfibre.jpg>
Package pdftex.def Info: images/outfibre.jpg  used on input line 2438.
(pdftex.def)             Requested size: 137.33946pt x 142.2599pt.
<images/fibre.jpg, id=1305, 2276.505pt x 3035.34pt>
File: images/fibre.jpg Graphic file (type jpg)
<use images/fibre.jpg>
Package pdftex.def Info: images/fibre.jpg  used on input line 2442.
(pdftex.def)             Requested size: 137.31387pt x 142.2349pt.

Overfull \vbox (8.2pt too high) has occurred while \output is active []

 [73]
File: images/machzehnder_single1.png Graphic file (type png)
<use images/machzehnder_single1.png>
Package pdftex.def Info: images/machzehnder_single1.png  used on input line 246
3.
(pdftex.def)             Requested size: 211.5398pt x 149.62111pt.

Overfull \hbox (5.52902pt too wide) in paragraph at lines 2463--2464
[][] 
 []

File: images/machzehnder_single2.png Graphic file (type png)
<use images/machzehnder_single2.png>
Package pdftex.def Info: images/machzehnder_single2.png  used on input line 246
7.
(pdftex.def)             Requested size: 179.92174pt x 137.76434pt.

Overfull \vbox (8.2pt too high) has occurred while \output is active []

 [74 <./images/array2.jpg> <./images/outfibre.jpg> <./images/fibre.jpg>]
<images/ajuste_miercoles_11.png, id=1319, 526.8483pt x 397.485pt>
File: images/ajuste_miercoles_11.png Graphic file (type png)
<use images/ajuste_miercoles_11.png>
Package pdftex.def Info: images/ajuste_miercoles_11.png  used on input line 248
1.
(pdftex.def)             Requested size: 206.00862pt x 142.26357pt.
<images/ajuste_miercoles_21.png, id=1320, 526.8483pt x 397.485pt>
File: images/ajuste_miercoles_21.png Graphic file (type png)
<use images/ajuste_miercoles_21.png>
Package pdftex.def Info: images/ajuste_miercoles_21.png  used on input line 248
5.
(pdftex.def)             Requested size: 206.00862pt x 142.26357pt.
<images/ajuste_miercoles_12.png, id=1321, 526.8483pt x 397.485pt>
File: images/ajuste_miercoles_12.png Graphic file (type png)
<use images/ajuste_miercoles_12.png>
Package pdftex.def Info: images/ajuste_miercoles_12.png  used on input line 248
9.
(pdftex.def)             Requested size: 206.00862pt x 142.26357pt.
<images/ajuste_miercoles_22.png, id=1322, 526.8483pt x 397.485pt>
File: images/ajuste_miercoles_22.png Graphic file (type png)
<use images/ajuste_miercoles_22.png>
Package pdftex.def Info: images/ajuste_miercoles_22.png  used on input line 249
3.
(pdftex.def)             Requested size: 206.00862pt x 142.26357pt.

Overfull \vbox (8.2pt too high) has occurred while \output is active []

 [75]
Overfull \vbox (8.2pt too high) has occurred while \output is active []

 [76 <./images/ajuste_miercoles_11.png> <./images/ajuste_miercoles_21.png> <./i
mages/ajuste_miercoles_12.png> <./images/ajuste_miercoles_22.png>]
<images/ajuste_jueves_11_50:50.png, id=1341, 526.8483pt x 398.2077pt>
File: images/ajuste_jueves_11_50:50.png Graphic file (type png)
<use images/ajuste_jueves_11_50:50.png>
Package pdftex.def Info: images/ajuste_jueves_11_50:50.png  used on input line 
2533.
(pdftex.def)             Requested size: 206.00862pt x 142.26096pt.
<images/ajuste_jueves_21_50:50.png, id=1342, 534.798pt x 397.485pt>
File: images/ajuste_jueves_21_50:50.png Graphic file (type png)
<use images/ajuste_jueves_21_50:50.png>
Package pdftex.def Info: images/ajuste_jueves_21_50:50.png  used on input line 
2537.
(pdftex.def)             Requested size: 206.01619pt x 142.26357pt.

Overfull \vbox (8.2pt too high) has occurred while \output is active []

 [77 <./images/ajuste_jueves_11_50:50.png> <./images/ajuste_jueves_21_50:50.png
>]
Overfull \vbox (8.2pt too high) has occurred while \output is active []

 [78]
Overfull \hbox (6.99866pt too wide) in paragraph at lines 2568--2569
[]\OT1/cmr/m/n/12 Finally, we tested our the-or-et-ical pre-dic-tions for inter
action-free meas-ure-ments and quantum
 []

[79] [80] (./esta_correcciones.bbl [81] [82] [83])

Package glossaries Warning: No \printglossary or \printglossaries found. 
(Remove \makeglossaries if you don't want any glossaries.) 
This document will not have a glossary.

[84]
Package atveryend Info: Empty hook `BeforeClearDocument' on input line 2581.
Package atveryend Info: Empty hook `AfterLastShipout' on input line 2581.
 (./esta_correcciones.aux)
Package atveryend Info: Executing hook `AtVeryEndDocument' on input line 2581.
Package atveryend Info: Executing hook `AtEndAfterFileList' on input line 2581.

Package rerunfilecheck Info: File `esta_correcciones.out' has not changed.
(rerunfilecheck)             Checksum: 0CA9FA4A9D24F97E8577670CC590D06D;3462.


LaTeX Warning: There were multiply-defined labels.

Package atveryend Info: Empty hook `AtVeryVeryEnd' on input line 2581.
 ) 
Here is how much of TeX's memory you used:
 30904 strings out of 481239
 565429 string characters out of 5920377
 912134 words of memory out of 5000000
 45003 multiletter control sequences out of 15000+600000
 548518 words of font info for 87 fonts, out of 8000000 for 9000
 1141 hyphenation exceptions out of 8191
 63i,18n,87p,2450b,663s stack positions out of 5000i,500n,10000p,200000b,80000s
{/usr/share/texmf/fonts/enc/dvips/cm-super/cm-super-ts1.enc}</usr/share/texli
ve/texmf-dist/fonts/type1/public/amsfonts/cm/cmbx12.pfb></usr/share/texlive/tex
mf-dist/fonts/type1/public/amsfonts/cm/cmbx6.pfb></usr/share/texlive/texmf-dist
/fonts/type1/public/amsfonts/cm/cmbx8.pfb></usr/share/texlive/texmf-dist/fonts/
type1/public/amsfonts/cm/cmbxti10.pfb></usr/share/texlive/texmf-dist/fonts/type
1/public/amsfonts/cm/cmex10.pfb></usr/share/texlive/texmf-dist/fonts/type1/publ
ic/amsfonts/cm/cmmi10.pfb></usr/share/texlive/texmf-dist/fonts/type1/public/ams
fonts/cm/cmmi12.pfb></usr/share/texlive/texmf-dist/fonts/type1/public/amsfonts/
cm/cmmi5.pfb></usr/share/texlive/texmf-dist/fonts/type1/public/amsfonts/cm/cmmi
6.pfb></usr/share/texlive/texmf-dist/fonts/type1/public/amsfonts/cm/cmmi7.pfb><
/usr/share/texlive/texmf-dist/fonts/type1/public/amsfonts/cm/cmmi8.pfb></usr/sh
are/texlive/texmf-dist/fonts/type1/public/amsfonts/cm/cmr10.pfb></usr/share/tex
live/texmf-dist/fonts/type1/public/amsfonts/cm/cmr12.pfb></usr/share/texlive/te
xmf-dist/fonts/type1/public/amsfonts/cm/cmr17.pfb></usr/share/texlive/texmf-dis
t/fonts/type1/public/amsfonts/cm/cmr5.pfb></usr/share/texlive/texmf-dist/fonts/
type1/public/amsfonts/cm/cmr6.pfb></usr/share/texlive/texmf-dist/fonts/type1/pu
blic/amsfonts/cm/cmr7.pfb></usr/share/texlive/texmf-dist/fonts/type1/public/ams
fonts/cm/cmr8.pfb></usr/share/texlive/texmf-dist/fonts/type1/public/amsfonts/cm
/cmsl12.pfb></usr/share/texlive/texmf-dist/fonts/type1/public/amsfonts/cm/cmsy1
0.pfb></usr/share/texlive/texmf-dist/fonts/type1/public/amsfonts/cm/cmsy6.pfb><
/usr/share/texlive/texmf-dist/fonts/type1/public/amsfonts/cm/cmsy7.pfb></usr/sh
are/texlive/texmf-dist/fonts/type1/public/amsfonts/cm/cmsy8.pfb></usr/share/tex
live/texmf-dist/fonts/type1/public/amsfonts/cm/cmti12.pfb></usr/share/texlive/t
exmf-dist/fonts/type1/public/amsfonts/symbols/msbm10.pfb></usr/share/texlive/te
xmf-dist/fonts/type1/public/rsfs/rsfs10.pfb></usr/share/texmf/fonts/type1/publi
c/cm-super/sfrm1200.pfb>
Output written on esta_correcciones.pdf (96 pages, 44404095 bytes).
PDF statistics:
 1563 PDF objects out of 1728 (max. 8388607)
 1227 compressed objects within 13 object streams
 412 named destinations out of 1000 (max. 500000)
 1015 words of extra memory for PDF output out of 10000 (max. 10000000)

